[0.181s] Invoking command in '/home/chongzhiw/Gazebo_Repo/ROS2_omnibot/build/omnibot_ignition': CMAKE_PREFIX_PATH=${CMAKE_PREFIX_PATH}:/home/chongzhiw/Gazebo_Repo/ROS2_omnibot/install/omnibot_control:/opt/ros/humble /usr/bin/cmake --build /home/chongzhiw/Gazebo_Repo/ROS2_omnibot/build/omnibot_ignition -- -j12 -l12
[0.216s] [35m[1mConsolidate compiler generated dependencies of target omni_drive[0m
[0.233s] [ 50%] [32mBuilding CXX object CMakeFiles/omni_drive.dir/src/omni_drive.cpp.o[0m
[8.392s] [100%] [32m[1mLinking CXX executable omni_drive[0m
[8.977s] [100%] Built target omni_drive
[9.000s] Invoked command in '/home/chongzhiw/Gazebo_Repo/ROS2_omnibot/build/omnibot_ignition' returned '0': CMAKE_PREFIX_PATH=${CMAKE_PREFIX_PATH}:/home/chongzhiw/Gazebo_Repo/ROS2_omnibot/install/omnibot_control:/opt/ros/humble /usr/bin/cmake --build /home/chongzhiw/Gazebo_Repo/ROS2_omnibot/build/omnibot_ignition -- -j12 -l12
[9.068s] Invoking command in '/home/chongzhiw/Gazebo_Repo/ROS2_omnibot/build/omnibot_ignition': CMAKE_PREFIX_PATH=${CMAKE_PREFIX_PATH}:/home/chongzhiw/Gazebo_Repo/ROS2_omnibot/install/omnibot_control:/opt/ros/humble /usr/bin/cmake --install /home/chongzhiw/Gazebo_Repo/ROS2_omnibot/build/omnibot_ignition
[9.086s] -- Install configuration: ""
[9.086s] -- Installing: /home/chongzhiw/Gazebo_Repo/ROS2_omnibot/install/omnibot_ignition/lib/omnibot_ignition/omni_drive
[9.092s] -- Set runtime path of "/home/chongzhiw/Gazebo_Repo/ROS2_omnibot/install/omnibot_ignition/lib/omnibot_ignition/omni_drive" to ""
[9.093s] -- Up-to-date: /home/chongzhiw/Gazebo_Repo/ROS2_omnibot/install/omnibot_ignition/share/omnibot_ignition//launch
[9.094s] -- Up-to-date: /home/chongzhiw/Gazebo_Repo/ROS2_omnibot/install/omnibot_ignition/share/omnibot_ignition//launch/robot_state_publisher.launch.py
[9.094s] -- Up-to-date: /home/chongzhiw/Gazebo_Repo/ROS2_omnibot/install/omnibot_ignition/share/omnibot_ignition//launch/spawn_turtlebot3.launch.py
[9.095s] -- Up-to-date: /home/chongzhiw/Gazebo_Repo/ROS2_omnibot/install/omnibot_ignition/share/omnibot_ignition//launch/old_launch_files
[9.095s] -- Up-to-date: /home/chongzhiw/Gazebo_Repo/ROS2_omnibot/install/omnibot_ignition/share/omnibot_ignition//launch/old_launch_files/turtlebot3_dqn_stage1.launch.py
[9.095s] -- Up-to-date: /home/chongzhiw/Gazebo_Repo/ROS2_omnibot/install/omnibot_ignition/share/omnibot_ignition//launch/old_launch_files/turtlebot3_dqn_stage3.launch.py
[9.095s] -- Up-to-date: /home/chongzhiw/Gazebo_Repo/ROS2_omnibot/install/omnibot_ignition/share/omnibot_ignition//launch/old_launch_files/turtlebot3_dqn_stage2.launch.py
[9.095s] -- Up-to-date: /home/chongzhiw/Gazebo_Repo/ROS2_omnibot/install/omnibot_ignition/share/omnibot_ignition//launch/old_launch_files/turtlebot3_house.launch.py
[9.096s] -- Up-to-date: /home/chongzhiw/Gazebo_Repo/ROS2_omnibot/install/omnibot_ignition/share/omnibot_ignition//launch/old_launch_files/turtlebot3_dqn_stage4.launch.py
[9.096s] -- Up-to-date: /home/chongzhiw/Gazebo_Repo/ROS2_omnibot/install/omnibot_ignition/share/omnibot_ignition//launch/old_launch_files/turtlebot3_world.launch.py
[9.096s] -- Up-to-date: /home/chongzhiw/Gazebo_Repo/ROS2_omnibot/install/omnibot_ignition/share/omnibot_ignition//launch/empty_world.launch.py
[9.097s] -- Up-to-date: /home/chongzhiw/Gazebo_Repo/ROS2_omnibot/install/omnibot_ignition/share/omnibot_ignition//launch/spawn_turtlebot3_backup.launch.py
[9.097s] -- Up-to-date: /home/chongzhiw/Gazebo_Repo/ROS2_omnibot/install/omnibot_ignition/share/omnibot_ignition//params
[9.097s] -- Up-to-date: /home/chongzhiw/Gazebo_Repo/ROS2_omnibot/install/omnibot_ignition/share/omnibot_ignition//params/omni_sub_config.yaml
[9.097s] -- Up-to-date: /home/chongzhiw/Gazebo_Repo/ROS2_omnibot/install/omnibot_ignition/share/omnibot_ignition//params/omni_control_config.yaml
[9.098s] -- Up-to-date: /home/chongzhiw/Gazebo_Repo/ROS2_omnibot/install/omnibot_ignition/share/omnibot_ignition//rviz
[9.098s] -- Up-to-date: /home/chongzhiw/Gazebo_Repo/ROS2_omnibot/install/omnibot_ignition/share/omnibot_ignition//rviz/tb3_gazebo.rviz
[9.098s] -- Up-to-date: /home/chongzhiw/Gazebo_Repo/ROS2_omnibot/install/omnibot_ignition/share/omnibot_ignition//urdf
[9.098s] -- Up-to-date: /home/chongzhiw/Gazebo_Repo/ROS2_omnibot/install/omnibot_ignition/share/omnibot_ignition//urdf/xacro_files
[9.098s] -- Up-to-date: /home/chongzhiw/Gazebo_Repo/ROS2_omnibot/install/omnibot_ignition/share/omnibot_ignition//urdf/xacro_files/roller.xacro
[9.098s] -- Up-to-date: /home/chongzhiw/Gazebo_Repo/ROS2_omnibot/install/omnibot_ignition/share/omnibot_ignition//urdf/xacro_files/rim.xacro
[9.098s] -- Up-to-date: /home/chongzhiw/Gazebo_Repo/ROS2_omnibot/install/omnibot_ignition/share/omnibot_ignition//urdf/xacro_files/omni_bot.xacro
[9.099s] -- Up-to-date: /home/chongzhiw/Gazebo_Repo/ROS2_omnibot/install/omnibot_ignition/share/omnibot_ignition//urdf/omni_bot.urdf
[9.099s] -- Up-to-date: /home/chongzhiw/Gazebo_Repo/ROS2_omnibot/install/omnibot_ignition/share/omnibot_ignition//urdf/omni_base.STL
[9.099s] -- Up-to-date: /home/chongzhiw/Gazebo_Repo/ROS2_omnibot/install/omnibot_ignition/share/omnibot_ignition//urdf/omni_bot.sdf
[9.099s] -- Up-to-date: /home/chongzhiw/Gazebo_Repo/ROS2_omnibot/install/omnibot_ignition/share/omnibot_ignition//worlds
[9.099s] -- Up-to-date: /home/chongzhiw/Gazebo_Repo/ROS2_omnibot/install/omnibot_ignition/share/omnibot_ignition//worlds/turtlebot3_dqn_stage2.world
[9.099s] -- Up-to-date: /home/chongzhiw/Gazebo_Repo/ROS2_omnibot/install/omnibot_ignition/share/omnibot_ignition//worlds/turtlebot3_house.world
[9.099s] -- Up-to-date: /home/chongzhiw/Gazebo_Repo/ROS2_omnibot/install/omnibot_ignition/share/omnibot_ignition//worlds/turtlebot3_dqn_stage1.world
[9.100s] -- Up-to-date: /home/chongzhiw/Gazebo_Repo/ROS2_omnibot/install/omnibot_ignition/share/omnibot_ignition//worlds/turtlebot3_dqn_stage3.world
[9.100s] -- Up-to-date: /home/chongzhiw/Gazebo_Repo/ROS2_omnibot/install/omnibot_ignition/share/omnibot_ignition//worlds/empty_world.world
[9.100s] -- Up-to-date: /home/chongzhiw/Gazebo_Repo/ROS2_omnibot/install/omnibot_ignition/share/omnibot_ignition//worlds/turtlebot3_dqn_stage4.world
[9.100s] -- Up-to-date: /home/chongzhiw/Gazebo_Repo/ROS2_omnibot/install/omnibot_ignition/share/omnibot_ignition//worlds/turtlebot3_world.world
[9.100s] -- Up-to-date: /home/chongzhiw/Gazebo_Repo/ROS2_omnibot/install/omnibot_ignition/include/
[9.100s] -- Up-to-date: /home/chongzhiw/Gazebo_Repo/ROS2_omnibot/install/omnibot_ignition/include//omnibot_ignition
[9.100s] -- Up-to-date: /home/chongzhiw/Gazebo_Repo/ROS2_omnibot/install/omnibot_ignition/include//omnibot_ignition/omni_drive.hpp
[9.100s] -- Up-to-date: /home/chongzhiw/Gazebo_Repo/ROS2_omnibot/install/omnibot_ignition/share/ament_index/resource_index/package_run_dependencies/omnibot_ignition
[9.101s] -- Up-to-date: /home/chongzhiw/Gazebo_Repo/ROS2_omnibot/install/omnibot_ignition/share/ament_index/resource_index/parent_prefix_path/omnibot_ignition
[9.101s] -- Up-to-date: /home/chongzhiw/Gazebo_Repo/ROS2_omnibot/install/omnibot_ignition/share/omnibot_ignition/environment/ament_prefix_path.sh
[9.101s] -- Up-to-date: /home/chongzhiw/Gazebo_Repo/ROS2_omnibot/install/omnibot_ignition/share/omnibot_ignition/environment/ament_prefix_path.dsv
[9.101s] -- Up-to-date: /home/chongzhiw/Gazebo_Repo/ROS2_omnibot/install/omnibot_ignition/share/omnibot_ignition/environment/path.sh
[9.101s] -- Up-to-date: /home/chongzhiw/Gazebo_Repo/ROS2_omnibot/install/omnibot_ignition/share/omnibot_ignition/environment/path.dsv
[9.101s] -- Up-to-date: /home/chongzhiw/Gazebo_Repo/ROS2_omnibot/install/omnibot_ignition/share/omnibot_ignition/local_setup.bash
[9.102s] -- Up-to-date: /home/chongzhiw/Gazebo_Repo/ROS2_omnibot/install/omnibot_ignition/share/omnibot_ignition/local_setup.sh
[9.102s] -- Up-to-date: /home/chongzhiw/Gazebo_Repo/ROS2_omnibot/install/omnibot_ignition/share/omnibot_ignition/local_setup.zsh
[9.102s] -- Up-to-date: /home/chongzhiw/Gazebo_Repo/ROS2_omnibot/install/omnibot_ignition/share/omnibot_ignition/local_setup.dsv
[9.102s] -- Installing: /home/chongzhiw/Gazebo_Repo/ROS2_omnibot/install/omnibot_ignition/share/omnibot_ignition/package.dsv
[9.102s] -- Up-to-date: /home/chongzhiw/Gazebo_Repo/ROS2_omnibot/install/omnibot_ignition/share/ament_index/resource_index/packages/omnibot_ignition
[9.102s] -- Up-to-date: /home/chongzhiw/Gazebo_Repo/ROS2_omnibot/install/omnibot_ignition/share/omnibot_ignition/cmake/ament_cmake_export_include_directories-extras.cmake
[9.102s] -- Up-to-date: /home/chongzhiw/Gazebo_Repo/ROS2_omnibot/install/omnibot_ignition/share/omnibot_ignition/cmake/ament_cmake_export_dependencies-extras.cmake
[9.102s] -- Up-to-date: /home/chongzhiw/Gazebo_Repo/ROS2_omnibot/install/omnibot_ignition/share/omnibot_ignition/cmake/omnibot_ignitionConfig.cmake
[9.102s] -- Up-to-date: /home/chongzhiw/Gazebo_Repo/ROS2_omnibot/install/omnibot_ignition/share/omnibot_ignition/cmake/omnibot_ignitionConfig-version.cmake
[9.102s] -- Up-to-date: /home/chongzhiw/Gazebo_Repo/ROS2_omnibot/install/omnibot_ignition/share/omnibot_ignition/package.xml
[9.104s] Invoked command in '/home/chongzhiw/Gazebo_Repo/ROS2_omnibot/build/omnibot_ignition' returned '0': CMAKE_PREFIX_PATH=${CMAKE_PREFIX_PATH}:/home/chongzhiw/Gazebo_Repo/ROS2_omnibot/install/omnibot_control:/opt/ros/humble /usr/bin/cmake --install /home/chongzhiw/Gazebo_Repo/ROS2_omnibot/build/omnibot_ignition
