[0.256s] Invoking command in '/home/chongzhiw/Gazebo_Repo/ROS2_omnibot/build/omnibot_ignition': CMAKE_PREFIX_PATH=${CMAKE_PREFIX_PATH}:/home/chongzhiw/Gazebo_Repo/ROS2_omnibot/install/omnibot_control:/opt/ros/humble /usr/bin/cmake --build /home/chongzhiw/Gazebo_Repo/ROS2_omnibot/build/omnibot_ignition -- -j12 -l12
[0.313s] [35m[1mConsolidate compiler generated dependencies of target omni_drive[0m
[0.331s] [ 50%] [32mBuilding CXX object CMakeFiles/omni_drive.dir/src/omni_drive.cpp.o[0m
[10.548s] [100%] [32m[1mLinking CXX executable omni_drive[0m
[10.975s] [100%] Built target omni_drive
[10.986s] Invoked command in '/home/chongzhiw/Gazebo_Repo/ROS2_omnibot/build/omnibot_ignition' returned '0': CMAKE_PREFIX_PATH=${CMAKE_PREFIX_PATH}:/home/chongzhiw/Gazebo_Repo/ROS2_omnibot/install/omnibot_control:/opt/ros/humble /usr/bin/cmake --build /home/chongzhiw/Gazebo_Repo/ROS2_omnibot/build/omnibot_ignition -- -j12 -l12
[11.036s] Invoking command in '/home/chongzhiw/Gazebo_Repo/ROS2_omnibot/build/omnibot_ignition': CMAKE_PREFIX_PATH=${CMAKE_PREFIX_PATH}:/home/chongzhiw/Gazebo_Repo/ROS2_omnibot/install/omnibot_control:/opt/ros/humble /usr/bin/cmake --install /home/chongzhiw/Gazebo_Repo/ROS2_omnibot/build/omnibot_ignition
[11.050s] -- Install configuration: ""
[11.051s] -- Installing: /home/chongzhiw/Gazebo_Repo/ROS2_omnibot/install/omnibot_ignition/lib/omnibot_ignition/omni_drive
[11.062s] -- Set runtime path of "/home/chongzhiw/Gazebo_Repo/ROS2_omnibot/install/omnibot_ignition/lib/omnibot_ignition/omni_drive" to ""
[11.062s] -- Up-to-date: /home/chongzhiw/Gazebo_Repo/ROS2_omnibot/install/omnibot_ignition/share/omnibot_ignition//launch
[11.063s] -- Up-to-date: /home/chongzhiw/Gazebo_Repo/ROS2_omnibot/install/omnibot_ignition/share/omnibot_ignition//launch/robot_state_publisher.launch.py
[11.063s] -- Up-to-date: /home/chongzhiw/Gazebo_Repo/ROS2_omnibot/install/omnibot_ignition/share/omnibot_ignition//launch/spawn_turtlebot3.launch.py
[11.063s] -- Up-to-date: /home/chongzhiw/Gazebo_Repo/ROS2_omnibot/install/omnibot_ignition/share/omnibot_ignition//launch/old_launch_files
[11.064s] -- Up-to-date: /home/chongzhiw/Gazebo_Repo/ROS2_omnibot/install/omnibot_ignition/share/omnibot_ignition//launch/old_launch_files/turtlebot3_dqn_stage1.launch.py
[11.064s] -- Up-to-date: /home/chongzhiw/Gazebo_Repo/ROS2_omnibot/install/omnibot_ignition/share/omnibot_ignition//launch/old_launch_files/turtlebot3_dqn_stage3.launch.py
[11.064s] -- Up-to-date: /home/chongzhiw/Gazebo_Repo/ROS2_omnibot/install/omnibot_ignition/share/omnibot_ignition//launch/old_launch_files/turtlebot3_dqn_stage2.launch.py
[11.064s] -- Up-to-date: /home/chongzhiw/Gazebo_Repo/ROS2_omnibot/install/omnibot_ignition/share/omnibot_ignition//launch/old_launch_files/turtlebot3_house.launch.py
[11.064s] -- Up-to-date: /home/chongzhiw/Gazebo_Repo/ROS2_omnibot/install/omnibot_ignition/share/omnibot_ignition//launch/old_launch_files/turtlebot3_dqn_stage4.launch.py
[11.064s] -- Up-to-date: /home/chongzhiw/Gazebo_Repo/ROS2_omnibot/install/omnibot_ignition/share/omnibot_ignition//launch/old_launch_files/turtlebot3_world.launch.py
[11.064s] -- Up-to-date: /home/chongzhiw/Gazebo_Repo/ROS2_omnibot/install/omnibot_ignition/share/omnibot_ignition//launch/empty_world.launch.py
[11.065s] -- Up-to-date: /home/chongzhiw/Gazebo_Repo/ROS2_omnibot/install/omnibot_ignition/share/omnibot_ignition//launch/spawn_turtlebot3_backup.launch.py
[11.065s] -- Up-to-date: /home/chongzhiw/Gazebo_Repo/ROS2_omnibot/install/omnibot_ignition/share/omnibot_ignition//params
[11.065s] -- Up-to-date: /home/chongzhiw/Gazebo_Repo/ROS2_omnibot/install/omnibot_ignition/share/omnibot_ignition//params/omni_sub_config.yaml
[11.065s] -- Up-to-date: /home/chongzhiw/Gazebo_Repo/ROS2_omnibot/install/omnibot_ignition/share/omnibot_ignition//params/omni_control_config.yaml
[11.065s] -- Up-to-date: /home/chongzhiw/Gazebo_Repo/ROS2_omnibot/install/omnibot_ignition/share/omnibot_ignition//rviz
[11.066s] -- Up-to-date: /home/chongzhiw/Gazebo_Repo/ROS2_omnibot/install/omnibot_ignition/share/omnibot_ignition//rviz/tb3_gazebo.rviz
[11.066s] -- Up-to-date: /home/chongzhiw/Gazebo_Repo/ROS2_omnibot/install/omnibot_ignition/share/omnibot_ignition//urdf
[11.066s] -- Up-to-date: /home/chongzhiw/Gazebo_Repo/ROS2_omnibot/install/omnibot_ignition/share/omnibot_ignition//urdf/xacro_files
[11.068s] -- Up-to-date: /home/chongzhiw/Gazebo_Repo/ROS2_omnibot/install/omnibot_ignition/share/omnibot_ignition//urdf/xacro_files/roller.xacro
[11.068s] -- Up-to-date: /home/chongzhiw/Gazebo_Repo/ROS2_omnibot/install/omnibot_ignition/share/omnibot_ignition//urdf/xacro_files/rim.xacro
[11.068s] -- Up-to-date: /home/chongzhiw/Gazebo_Repo/ROS2_omnibot/install/omnibot_ignition/share/omnibot_ignition//urdf/xacro_files/omni_bot.xacro
[11.068s] -- Up-to-date: /home/chongzhiw/Gazebo_Repo/ROS2_omnibot/install/omnibot_ignition/share/omnibot_ignition//urdf/omni_bot.urdf
[11.069s] -- Up-to-date: /home/chongzhiw/Gazebo_Repo/ROS2_omnibot/install/omnibot_ignition/share/omnibot_ignition//urdf/omni_base.STL
[11.069s] -- Up-to-date: /home/chongzhiw/Gazebo_Repo/ROS2_omnibot/install/omnibot_ignition/share/omnibot_ignition//urdf/omni_bot.sdf
[11.069s] -- Up-to-date: /home/chongzhiw/Gazebo_Repo/ROS2_omnibot/install/omnibot_ignition/share/omnibot_ignition//worlds
[11.070s] -- Up-to-date: /home/chongzhiw/Gazebo_Repo/ROS2_omnibot/install/omnibot_ignition/share/omnibot_ignition//worlds/turtlebot3_dqn_stage2.world
[11.070s] -- Up-to-date: /home/chongzhiw/Gazebo_Repo/ROS2_omnibot/install/omnibot_ignition/share/omnibot_ignition//worlds/turtlebot3_house.world
[11.070s] -- Up-to-date: /home/chongzhiw/Gazebo_Repo/ROS2_omnibot/install/omnibot_ignition/share/omnibot_ignition//worlds/turtlebot3_dqn_stage1.world
[11.070s] -- Up-to-date: /home/chongzhiw/Gazebo_Repo/ROS2_omnibot/install/omnibot_ignition/share/omnibot_ignition//worlds/turtlebot3_dqn_stage3.world
[11.070s] -- Up-to-date: /home/chongzhiw/Gazebo_Repo/ROS2_omnibot/install/omnibot_ignition/share/omnibot_ignition//worlds/empty_world.world
[11.070s] -- Up-to-date: /home/chongzhiw/Gazebo_Repo/ROS2_omnibot/install/omnibot_ignition/share/omnibot_ignition//worlds/turtlebot3_dqn_stage4.world
[11.070s] -- Up-to-date: /home/chongzhiw/Gazebo_Repo/ROS2_omnibot/install/omnibot_ignition/share/omnibot_ignition//worlds/turtlebot3_world.world
[11.071s] -- Up-to-date: /home/chongzhiw/Gazebo_Repo/ROS2_omnibot/install/omnibot_ignition/include/
[11.071s] -- Up-to-date: /home/chongzhiw/Gazebo_Repo/ROS2_omnibot/install/omnibot_ignition/include//omnibot_ignition
[11.071s] -- Up-to-date: /home/chongzhiw/Gazebo_Repo/ROS2_omnibot/install/omnibot_ignition/include//omnibot_ignition/omni_drive.hpp
[11.071s] -- Up-to-date: /home/chongzhiw/Gazebo_Repo/ROS2_omnibot/install/omnibot_ignition/share/ament_index/resource_index/package_run_dependencies/omnibot_ignition
[11.071s] -- Up-to-date: /home/chongzhiw/Gazebo_Repo/ROS2_omnibot/install/omnibot_ignition/share/ament_index/resource_index/parent_prefix_path/omnibot_ignition
[11.071s] -- Up-to-date: /home/chongzhiw/Gazebo_Repo/ROS2_omnibot/install/omnibot_ignition/share/omnibot_ignition/environment/ament_prefix_path.sh
[11.071s] -- Up-to-date: /home/chongzhiw/Gazebo_Repo/ROS2_omnibot/install/omnibot_ignition/share/omnibot_ignition/environment/ament_prefix_path.dsv
[11.072s] -- Up-to-date: /home/chongzhiw/Gazebo_Repo/ROS2_omnibot/install/omnibot_ignition/share/omnibot_ignition/environment/path.sh
[11.072s] -- Up-to-date: /home/chongzhiw/Gazebo_Repo/ROS2_omnibot/install/omnibot_ignition/share/omnibot_ignition/environment/path.dsv
[11.072s] -- Up-to-date: /home/chongzhiw/Gazebo_Repo/ROS2_omnibot/install/omnibot_ignition/share/omnibot_ignition/local_setup.bash
[11.072s] -- Up-to-date: /home/chongzhiw/Gazebo_Repo/ROS2_omnibot/install/omnibot_ignition/share/omnibot_ignition/local_setup.sh
[11.072s] -- Up-to-date: /home/chongzhiw/Gazebo_Repo/ROS2_omnibot/install/omnibot_ignition/share/omnibot_ignition/local_setup.zsh
[11.072s] -- Up-to-date: /home/chongzhiw/Gazebo_Repo/ROS2_omnibot/install/omnibot_ignition/share/omnibot_ignition/local_setup.dsv
[11.072s] -- Installing: /home/chongzhiw/Gazebo_Repo/ROS2_omnibot/install/omnibot_ignition/share/omnibot_ignition/package.dsv
[11.072s] -- Up-to-date: /home/chongzhiw/Gazebo_Repo/ROS2_omnibot/install/omnibot_ignition/share/ament_index/resource_index/packages/omnibot_ignition
[11.072s] -- Up-to-date: /home/chongzhiw/Gazebo_Repo/ROS2_omnibot/install/omnibot_ignition/share/omnibot_ignition/cmake/ament_cmake_export_include_directories-extras.cmake
[11.073s] -- Up-to-date: /home/chongzhiw/Gazebo_Repo/ROS2_omnibot/install/omnibot_ignition/share/omnibot_ignition/cmake/ament_cmake_export_dependencies-extras.cmake
[11.073s] -- Up-to-date: /home/chongzhiw/Gazebo_Repo/ROS2_omnibot/install/omnibot_ignition/share/omnibot_ignition/cmake/omnibot_ignitionConfig.cmake
[11.073s] -- Up-to-date: /home/chongzhiw/Gazebo_Repo/ROS2_omnibot/install/omnibot_ignition/share/omnibot_ignition/cmake/omnibot_ignitionConfig-version.cmake
[11.073s] -- Up-to-date: /home/chongzhiw/Gazebo_Repo/ROS2_omnibot/install/omnibot_ignition/share/omnibot_ignition/package.xml
[11.073s] Invoked command in '/home/chongzhiw/Gazebo_Repo/ROS2_omnibot/build/omnibot_ignition' returned '0': CMAKE_PREFIX_PATH=${CMAKE_PREFIX_PATH}:/home/chongzhiw/Gazebo_Repo/ROS2_omnibot/install/omnibot_control:/opt/ros/humble /usr/bin/cmake --install /home/chongzhiw/Gazebo_Repo/ROS2_omnibot/build/omnibot_ignition
