[0.073s] DEBUG:colcon:Command line arguments: ['/usr/bin/colcon', 'build']
[0.073s] DEBUG:colcon:Parsed command line arguments: Namespace(log_base=None, log_level=None, verb_name='build', build_base='build', install_base='install', merge_install=False, symlink_install=False, test_result_base=None, continue_on_error=False, executor='parallel', parallel_workers=12, event_handlers=None, ignore_user_meta=False, metas=['./colcon.meta'], base_paths=['.'], packages_ignore=None, packages_ignore_regex=None, paths=None, packages_up_to=None, packages_up_to_regex=None, packages_above=None, packages_above_and_dependencies=None, packages_above_depth=None, packages_select_by_dep=None, packages_skip_by_dep=None, packages_skip_up_to=None, packages_select_build_failed=False, packages_skip_build_finished=False, packages_select_test_failures=False, packages_skip_test_passed=False, packages_select=None, packages_skip=None, packages_select_regex=None, packages_skip_regex=None, packages_start=None, packages_end=None, allow_overriding=[], cmake_args=None, cmake_target=None, cmake_target_skip_unavailable=False, cmake_clean_cache=False, cmake_clean_first=False, cmake_force_configure=False, ament_cmake_args=None, catkin_cmake_args=None, catkin_skip_building_tests=False, mixin_files=None, mixin=None, verb_parser=<colcon_mixin.mixin.mixin_argument.MixinArgumentDecorator object at 0x7df54ac780d0>, verb_extension=<colcon_core.verb.build.BuildVerb object at 0x7df54ac3fac0>, main=<bound method BuildVerb.main of <colcon_core.verb.build.BuildVerb object at 0x7df54ac3fac0>>, mixin_verb=('build',))
[0.177s] Level 1:colcon.colcon_core.package_discovery:discover_packages(colcon_meta) check parameters
[0.177s] Level 1:colcon.colcon_core.package_discovery:discover_packages(recursive) check parameters
[0.177s] Level 1:colcon.colcon_core.package_discovery:discover_packages(ignore) check parameters
[0.177s] Level 1:colcon.colcon_core.package_discovery:discover_packages(path) check parameters
[0.177s] Level 1:colcon.colcon_core.package_discovery:discover_packages(colcon_meta) discover
[0.177s] Level 1:colcon.colcon_core.package_discovery:discover_packages(recursive) discover
[0.177s] INFO:colcon.colcon_core.package_discovery:Crawling recursively for packages in '/home/chongzhiw/Gazebo_Repo/ROS2_omnibot'
[0.177s] Level 1:colcon.colcon_core.package_identification:_identify(.) by extensions ['ignore', 'ignore_ament_install']
[0.177s] Level 1:colcon.colcon_core.package_identification:_identify(.) by extension 'ignore'
[0.177s] Level 1:colcon.colcon_core.package_identification:_identify(.) by extension 'ignore_ament_install'
[0.177s] Level 1:colcon.colcon_core.package_identification:_identify(.) by extensions ['colcon_pkg']
[0.177s] Level 1:colcon.colcon_core.package_identification:_identify(.) by extension 'colcon_pkg'
[0.177s] Level 1:colcon.colcon_core.package_identification:_identify(.) by extensions ['colcon_meta']
[0.177s] Level 1:colcon.colcon_core.package_identification:_identify(.) by extension 'colcon_meta'
[0.177s] Level 1:colcon.colcon_core.package_identification:_identify(.) by extensions ['ros']
[0.177s] Level 1:colcon.colcon_core.package_identification:_identify(.) by extension 'ros'
[0.184s] Level 1:colcon.colcon_core.package_identification:_identify(.) by extensions ['cmake', 'python']
[0.184s] Level 1:colcon.colcon_core.package_identification:_identify(.) by extension 'cmake'
[0.184s] Level 1:colcon.colcon_core.package_identification:_identify(.) by extension 'python'
[0.184s] Level 1:colcon.colcon_core.package_identification:_identify(.) by extensions ['python_setup_py']
[0.184s] Level 1:colcon.colcon_core.package_identification:_identify(.) by extension 'python_setup_py'
[0.185s] Level 1:colcon.colcon_core.package_identification:_identify(build) by extensions ['ignore', 'ignore_ament_install']
[0.185s] Level 1:colcon.colcon_core.package_identification:_identify(build) by extension 'ignore'
[0.185s] Level 1:colcon.colcon_core.package_identification:_identify(build) ignored
[0.185s] Level 1:colcon.colcon_core.package_identification:_identify(install) by extensions ['ignore', 'ignore_ament_install']
[0.185s] Level 1:colcon.colcon_core.package_identification:_identify(install) by extension 'ignore'
[0.185s] Level 1:colcon.colcon_core.package_identification:_identify(install) ignored
[0.185s] Level 1:colcon.colcon_core.package_identification:_identify(log) by extensions ['ignore', 'ignore_ament_install']
[0.185s] Level 1:colcon.colcon_core.package_identification:_identify(log) by extension 'ignore'
[0.185s] Level 1:colcon.colcon_core.package_identification:_identify(log) ignored
[0.185s] Level 1:colcon.colcon_core.package_identification:_identify(src) by extensions ['ignore', 'ignore_ament_install']
[0.185s] Level 1:colcon.colcon_core.package_identification:_identify(src) by extension 'ignore'
[0.185s] Level 1:colcon.colcon_core.package_identification:_identify(src) by extension 'ignore_ament_install'
[0.185s] Level 1:colcon.colcon_core.package_identification:_identify(src) by extensions ['colcon_pkg']
[0.185s] Level 1:colcon.colcon_core.package_identification:_identify(src) by extension 'colcon_pkg'
[0.185s] Level 1:colcon.colcon_core.package_identification:_identify(src) by extensions ['colcon_meta']
[0.185s] Level 1:colcon.colcon_core.package_identification:_identify(src) by extension 'colcon_meta'
[0.185s] Level 1:colcon.colcon_core.package_identification:_identify(src) by extensions ['ros']
[0.185s] Level 1:colcon.colcon_core.package_identification:_identify(src) by extension 'ros'
[0.185s] Level 1:colcon.colcon_core.package_identification:_identify(src) by extensions ['cmake', 'python']
[0.185s] Level 1:colcon.colcon_core.package_identification:_identify(src) by extension 'cmake'
[0.185s] Level 1:colcon.colcon_core.package_identification:_identify(src) by extension 'python'
[0.185s] Level 1:colcon.colcon_core.package_identification:_identify(src) by extensions ['python_setup_py']
[0.185s] Level 1:colcon.colcon_core.package_identification:_identify(src) by extension 'python_setup_py'
[0.185s] Level 1:colcon.colcon_core.package_identification:_identify(src/omnibot_control) by extensions ['ignore', 'ignore_ament_install']
[0.185s] Level 1:colcon.colcon_core.package_identification:_identify(src/omnibot_control) by extension 'ignore'
[0.185s] Level 1:colcon.colcon_core.package_identification:_identify(src/omnibot_control) by extension 'ignore_ament_install'
[0.185s] Level 1:colcon.colcon_core.package_identification:_identify(src/omnibot_control) by extensions ['colcon_pkg']
[0.185s] Level 1:colcon.colcon_core.package_identification:_identify(src/omnibot_control) by extension 'colcon_pkg'
[0.185s] Level 1:colcon.colcon_core.package_identification:_identify(src/omnibot_control) by extensions ['colcon_meta']
[0.185s] Level 1:colcon.colcon_core.package_identification:_identify(src/omnibot_control) by extension 'colcon_meta'
[0.185s] Level 1:colcon.colcon_core.package_identification:_identify(src/omnibot_control) by extensions ['ros']
[0.185s] Level 1:colcon.colcon_core.package_identification:_identify(src/omnibot_control) by extension 'ros'
[0.187s] DEBUG:colcon.colcon_core.package_identification:Package 'src/omnibot_control' with type 'ros.ament_python' and name 'omnibot_control'
[0.187s] Level 1:colcon.colcon_core.package_identification:_identify(src/omnibot_ignition) by extensions ['ignore', 'ignore_ament_install']
[0.187s] Level 1:colcon.colcon_core.package_identification:_identify(src/omnibot_ignition) by extension 'ignore'
[0.187s] Level 1:colcon.colcon_core.package_identification:_identify(src/omnibot_ignition) by extension 'ignore_ament_install'
[0.187s] Level 1:colcon.colcon_core.package_identification:_identify(src/omnibot_ignition) by extensions ['colcon_pkg']
[0.187s] Level 1:colcon.colcon_core.package_identification:_identify(src/omnibot_ignition) by extension 'colcon_pkg'
[0.187s] Level 1:colcon.colcon_core.package_identification:_identify(src/omnibot_ignition) by extensions ['colcon_meta']
[0.187s] Level 1:colcon.colcon_core.package_identification:_identify(src/omnibot_ignition) by extension 'colcon_meta'
[0.187s] Level 1:colcon.colcon_core.package_identification:_identify(src/omnibot_ignition) by extensions ['ros']
[0.187s] Level 1:colcon.colcon_core.package_identification:_identify(src/omnibot_ignition) by extension 'ros'
[0.188s] DEBUG:colcon.colcon_core.package_identification:Package 'src/omnibot_ignition' with type 'ros.ament_cmake' and name 'omnibot_ignition'
[0.188s] Level 1:colcon.colcon_core.package_discovery:discover_packages(recursive) using defaults
[0.188s] Level 1:colcon.colcon_core.package_discovery:discover_packages(ignore) discover
[0.188s] Level 1:colcon.colcon_core.package_discovery:discover_packages(ignore) using defaults
[0.188s] Level 1:colcon.colcon_core.package_discovery:discover_packages(path) discover
[0.188s] Level 1:colcon.colcon_core.package_discovery:discover_packages(path) using defaults
[0.208s] Level 1:colcon.colcon_core.package_discovery:discover_packages(prefix_path) check parameters
[0.208s] Level 1:colcon.colcon_core.package_discovery:discover_packages(prefix_path) discover
[0.209s] DEBUG:colcon.colcon_installed_package_information.package_discovery:Found 2 installed packages in /home/chongzhiw/Gazebo_Repo/ROS2_omnibot/install
[0.209s] DEBUG:colcon.colcon_installed_package_information.package_discovery:Found 309 installed packages in /opt/ros/humble
[0.210s] Level 1:colcon.colcon_core.package_discovery:discover_packages(prefix_path) using defaults
[0.234s] Level 5:colcon.colcon_core.verb:set package 'omnibot_control' build argument 'cmake_args' from command line to 'None'
[0.234s] Level 5:colcon.colcon_core.verb:set package 'omnibot_control' build argument 'cmake_target' from command line to 'None'
[0.234s] Level 5:colcon.colcon_core.verb:set package 'omnibot_control' build argument 'cmake_target_skip_unavailable' from command line to 'False'
[0.234s] Level 5:colcon.colcon_core.verb:set package 'omnibot_control' build argument 'cmake_clean_cache' from command line to 'False'
[0.234s] Level 5:colcon.colcon_core.verb:set package 'omnibot_control' build argument 'cmake_clean_first' from command line to 'False'
[0.234s] Level 5:colcon.colcon_core.verb:set package 'omnibot_control' build argument 'cmake_force_configure' from command line to 'False'
[0.234s] Level 5:colcon.colcon_core.verb:set package 'omnibot_control' build argument 'ament_cmake_args' from command line to 'None'
[0.234s] Level 5:colcon.colcon_core.verb:set package 'omnibot_control' build argument 'catkin_cmake_args' from command line to 'None'
[0.234s] Level 5:colcon.colcon_core.verb:set package 'omnibot_control' build argument 'catkin_skip_building_tests' from command line to 'False'
[0.234s] DEBUG:colcon.colcon_core.verb:Building package 'omnibot_control' with the following arguments: {'ament_cmake_args': None, 'build_base': '/home/chongzhiw/Gazebo_Repo/ROS2_omnibot/build/omnibot_control', 'catkin_cmake_args': None, 'catkin_skip_building_tests': False, 'cmake_args': None, 'cmake_clean_cache': False, 'cmake_clean_first': False, 'cmake_force_configure': False, 'cmake_target': None, 'cmake_target_skip_unavailable': False, 'install_base': '/home/chongzhiw/Gazebo_Repo/ROS2_omnibot/install/omnibot_control', 'merge_install': False, 'path': '/home/chongzhiw/Gazebo_Repo/ROS2_omnibot/src/omnibot_control', 'symlink_install': False, 'test_result_base': None}
[0.234s] Level 5:colcon.colcon_core.verb:set package 'omnibot_ignition' build argument 'cmake_args' from command line to 'None'
[0.234s] Level 5:colcon.colcon_core.verb:set package 'omnibot_ignition' build argument 'cmake_target' from command line to 'None'
[0.234s] Level 5:colcon.colcon_core.verb:set package 'omnibot_ignition' build argument 'cmake_target_skip_unavailable' from command line to 'False'
[0.234s] Level 5:colcon.colcon_core.verb:set package 'omnibot_ignition' build argument 'cmake_clean_cache' from command line to 'False'
[0.234s] Level 5:colcon.colcon_core.verb:set package 'omnibot_ignition' build argument 'cmake_clean_first' from command line to 'False'
[0.234s] Level 5:colcon.colcon_core.verb:set package 'omnibot_ignition' build argument 'cmake_force_configure' from command line to 'False'
[0.234s] Level 5:colcon.colcon_core.verb:set package 'omnibot_ignition' build argument 'ament_cmake_args' from command line to 'None'
[0.234s] Level 5:colcon.colcon_core.verb:set package 'omnibot_ignition' build argument 'catkin_cmake_args' from command line to 'None'
[0.234s] Level 5:colcon.colcon_core.verb:set package 'omnibot_ignition' build argument 'catkin_skip_building_tests' from command line to 'False'
[0.234s] DEBUG:colcon.colcon_core.verb:Building package 'omnibot_ignition' with the following arguments: {'ament_cmake_args': None, 'build_base': '/home/chongzhiw/Gazebo_Repo/ROS2_omnibot/build/omnibot_ignition', 'catkin_cmake_args': None, 'catkin_skip_building_tests': False, 'cmake_args': None, 'cmake_clean_cache': False, 'cmake_clean_first': False, 'cmake_force_configure': False, 'cmake_target': None, 'cmake_target_skip_unavailable': False, 'install_base': '/home/chongzhiw/Gazebo_Repo/ROS2_omnibot/install/omnibot_ignition', 'merge_install': False, 'path': '/home/chongzhiw/Gazebo_Repo/ROS2_omnibot/src/omnibot_ignition', 'symlink_install': False, 'test_result_base': None}
[0.234s] INFO:colcon.colcon_core.executor:Executing jobs using 'parallel' executor
[0.235s] DEBUG:colcon.colcon_parallel_executor.executor.parallel:run_until_complete
[0.235s] INFO:colcon.colcon_ros.task.ament_python.build:Building ROS package in '/home/chongzhiw/Gazebo_Repo/ROS2_omnibot/src/omnibot_control' with build type 'ament_python'
[0.235s] Level 1:colcon.colcon_core.shell:create_environment_hook('omnibot_control', 'ament_prefix_path')
[0.237s] INFO:colcon.colcon_core.plugin_system:Skipping extension 'colcon_core.shell.bat': Not used on non-Windows systems
[0.237s] INFO:colcon.colcon_core.shell:Creating environment hook '/home/chongzhiw/Gazebo_Repo/ROS2_omnibot/install/omnibot_control/share/omnibot_control/hook/ament_prefix_path.ps1'
[0.237s] INFO:colcon.colcon_core.shell:Creating environment descriptor '/home/chongzhiw/Gazebo_Repo/ROS2_omnibot/install/omnibot_control/share/omnibot_control/hook/ament_prefix_path.dsv'
[0.238s] INFO:colcon.colcon_core.shell:Creating environment hook '/home/chongzhiw/Gazebo_Repo/ROS2_omnibot/install/omnibot_control/share/omnibot_control/hook/ament_prefix_path.sh'
[0.238s] INFO:colcon.colcon_core.shell:Skip shell extension 'powershell' for command environment: Not usable outside of PowerShell
[0.238s] DEBUG:colcon.colcon_core.shell:Skip shell extension 'dsv' for command environment
[0.240s] INFO:colcon.colcon_ros.task.ament_cmake.build:Building ROS package in '/home/chongzhiw/Gazebo_Repo/ROS2_omnibot/src/omnibot_ignition' with build type 'ament_cmake'
[0.240s] INFO:colcon.colcon_cmake.task.cmake.build:Building CMake package in '/home/chongzhiw/Gazebo_Repo/ROS2_omnibot/src/omnibot_ignition'
[0.240s] INFO:colcon.colcon_core.shell:Skip shell extension 'powershell' for command environment: Not usable outside of PowerShell
[0.240s] DEBUG:colcon.colcon_core.shell:Skip shell extension 'dsv' for command environment
[0.426s] INFO:colcon.colcon_core.task.python.build:Building Python package in '/home/chongzhiw/Gazebo_Repo/ROS2_omnibot/src/omnibot_control'
[0.426s] INFO:colcon.colcon_core.shell:Skip shell extension 'powershell' for command environment: Not usable outside of PowerShell
[0.426s] DEBUG:colcon.colcon_core.shell:Skip shell extension 'dsv' for command environment
[0.433s] DEBUG:colcon.colcon_core.event_handler.log_command:Invoking command in '/home/chongzhiw/Gazebo_Repo/ROS2_omnibot/build/omnibot_ignition': CMAKE_PREFIX_PATH=${CMAKE_PREFIX_PATH}:/home/chongzhiw/Gazebo_Repo/ROS2_omnibot/install/omnibot_control:/opt/ros/humble /usr/bin/cmake --build /home/chongzhiw/Gazebo_Repo/ROS2_omnibot/build/omnibot_ignition -- -j12 -l12
[0.687s] DEBUG:colcon.colcon_core.event_handler.log_command:Invoking command in '/home/chongzhiw/Gazebo_Repo/ROS2_omnibot/src/omnibot_control': PYTHONPATH=/home/chongzhiw/Gazebo_Repo/ROS2_omnibot/build/omnibot_control/prefix_override:/usr/lib/python3/dist-packages/colcon_core/task/python/colcon_distutils_commands:/home/chongzhiw/Gazebo_Repo/ROS2_omnibot/install/omnibot_control/lib/python3.10/site-packages:${PYTHONPATH} /usr/bin/python3 -W ignore:setup.py install is deprecated setup.py egg_info --egg-base ../../build/omnibot_control build --build-base /home/chongzhiw/Gazebo_Repo/ROS2_omnibot/build/omnibot_control/build install --record /home/chongzhiw/Gazebo_Repo/ROS2_omnibot/build/omnibot_control/install.log --single-version-externally-managed install_data
[0.884s] DEBUG:colcon.colcon_core.event_handler.log_command:Invoked command in '/home/chongzhiw/Gazebo_Repo/ROS2_omnibot/src/omnibot_control' returned '0': PYTHONPATH=/home/chongzhiw/Gazebo_Repo/ROS2_omnibot/build/omnibot_control/prefix_override:/usr/lib/python3/dist-packages/colcon_core/task/python/colcon_distutils_commands:/home/chongzhiw/Gazebo_Repo/ROS2_omnibot/install/omnibot_control/lib/python3.10/site-packages:${PYTHONPATH} /usr/bin/python3 -W ignore:setup.py install is deprecated setup.py egg_info --egg-base ../../build/omnibot_control build --build-base /home/chongzhiw/Gazebo_Repo/ROS2_omnibot/build/omnibot_control/build install --record /home/chongzhiw/Gazebo_Repo/ROS2_omnibot/build/omnibot_control/install.log --single-version-externally-managed install_data
[0.887s] Level 1:colcon.colcon_core.environment:checking '/home/chongzhiw/Gazebo_Repo/ROS2_omnibot/install/omnibot_control' for CMake module files
[0.888s] Level 1:colcon.colcon_core.environment:checking '/home/chongzhiw/Gazebo_Repo/ROS2_omnibot/install/omnibot_control' for CMake config files
[0.889s] Level 1:colcon.colcon_core.environment:checking '/home/chongzhiw/Gazebo_Repo/ROS2_omnibot/install/omnibot_control/lib'
[0.889s] Level 1:colcon.colcon_core.environment:checking '/home/chongzhiw/Gazebo_Repo/ROS2_omnibot/install/omnibot_control/bin'
[0.889s] Level 1:colcon.colcon_core.environment:checking '/home/chongzhiw/Gazebo_Repo/ROS2_omnibot/install/omnibot_control/lib/pkgconfig/omnibot_control.pc'
[0.889s] Level 1:colcon.colcon_core.environment:checking '/home/chongzhiw/Gazebo_Repo/ROS2_omnibot/install/omnibot_control/lib/python3.10/site-packages'
[0.889s] Level 1:colcon.colcon_core.shell:create_environment_hook('omnibot_control', 'pythonpath')
[0.890s] INFO:colcon.colcon_core.shell:Creating environment hook '/home/chongzhiw/Gazebo_Repo/ROS2_omnibot/install/omnibot_control/share/omnibot_control/hook/pythonpath.ps1'
[0.890s] INFO:colcon.colcon_core.shell:Creating environment descriptor '/home/chongzhiw/Gazebo_Repo/ROS2_omnibot/install/omnibot_control/share/omnibot_control/hook/pythonpath.dsv'
[0.891s] INFO:colcon.colcon_core.shell:Creating environment hook '/home/chongzhiw/Gazebo_Repo/ROS2_omnibot/install/omnibot_control/share/omnibot_control/hook/pythonpath.sh'
[0.891s] Level 1:colcon.colcon_core.environment:checking '/home/chongzhiw/Gazebo_Repo/ROS2_omnibot/install/omnibot_control/bin'
[0.892s] Level 1:colcon.colcon_core.environment:create_environment_scripts_only(omnibot_control)
[0.892s] INFO:colcon.colcon_core.shell:Creating package script '/home/chongzhiw/Gazebo_Repo/ROS2_omnibot/install/omnibot_control/share/omnibot_control/package.ps1'
[0.893s] INFO:colcon.colcon_core.shell:Creating package descriptor '/home/chongzhiw/Gazebo_Repo/ROS2_omnibot/install/omnibot_control/share/omnibot_control/package.dsv'
[0.894s] INFO:colcon.colcon_core.shell:Creating package script '/home/chongzhiw/Gazebo_Repo/ROS2_omnibot/install/omnibot_control/share/omnibot_control/package.sh'
[0.895s] INFO:colcon.colcon_core.shell:Creating package script '/home/chongzhiw/Gazebo_Repo/ROS2_omnibot/install/omnibot_control/share/omnibot_control/package.bash'
[0.896s] INFO:colcon.colcon_core.shell:Creating package script '/home/chongzhiw/Gazebo_Repo/ROS2_omnibot/install/omnibot_control/share/omnibot_control/package.zsh'
[0.896s] Level 1:colcon.colcon_core.environment:create_file_with_runtime_dependencies(/home/chongzhiw/Gazebo_Repo/ROS2_omnibot/install/omnibot_control/share/colcon-core/packages/omnibot_control)
[8.454s] DEBUG:colcon.colcon_core.event_handler.log_command:Invoked command in '/home/chongzhiw/Gazebo_Repo/ROS2_omnibot/build/omnibot_ignition' returned '0': CMAKE_PREFIX_PATH=${CMAKE_PREFIX_PATH}:/home/chongzhiw/Gazebo_Repo/ROS2_omnibot/install/omnibot_control:/opt/ros/humble /usr/bin/cmake --build /home/chongzhiw/Gazebo_Repo/ROS2_omnibot/build/omnibot_ignition -- -j12 -l12
[8.504s] DEBUG:colcon.colcon_core.event_handler.log_command:Invoking command in '/home/chongzhiw/Gazebo_Repo/ROS2_omnibot/build/omnibot_ignition': CMAKE_PREFIX_PATH=${CMAKE_PREFIX_PATH}:/home/chongzhiw/Gazebo_Repo/ROS2_omnibot/install/omnibot_control:/opt/ros/humble /usr/bin/cmake --install /home/chongzhiw/Gazebo_Repo/ROS2_omnibot/build/omnibot_ignition
[8.527s] Level 1:colcon.colcon_core.environment:create_environment_scripts_only(omnibot_ignition)
[8.527s] DEBUG:colcon.colcon_core.event_handler.log_command:Invoked command in '/home/chongzhiw/Gazebo_Repo/ROS2_omnibot/build/omnibot_ignition' returned '0': CMAKE_PREFIX_PATH=${CMAKE_PREFIX_PATH}:/home/chongzhiw/Gazebo_Repo/ROS2_omnibot/install/omnibot_control:/opt/ros/humble /usr/bin/cmake --install /home/chongzhiw/Gazebo_Repo/ROS2_omnibot/build/omnibot_ignition
[8.527s] Level 1:colcon.colcon_core.environment:checking '/home/chongzhiw/Gazebo_Repo/ROS2_omnibot/install/omnibot_ignition' for CMake module files
[8.528s] Level 1:colcon.colcon_core.environment:checking '/home/chongzhiw/Gazebo_Repo/ROS2_omnibot/install/omnibot_ignition' for CMake config files
[8.529s] Level 1:colcon.colcon_core.shell:create_environment_hook('omnibot_ignition', 'cmake_prefix_path')
[8.529s] INFO:colcon.colcon_core.shell:Creating environment hook '/home/chongzhiw/Gazebo_Repo/ROS2_omnibot/install/omnibot_ignition/share/omnibot_ignition/hook/cmake_prefix_path.ps1'
[8.530s] INFO:colcon.colcon_core.shell:Creating environment descriptor '/home/chongzhiw/Gazebo_Repo/ROS2_omnibot/install/omnibot_ignition/share/omnibot_ignition/hook/cmake_prefix_path.dsv'
[8.530s] INFO:colcon.colcon_core.shell:Creating environment hook '/home/chongzhiw/Gazebo_Repo/ROS2_omnibot/install/omnibot_ignition/share/omnibot_ignition/hook/cmake_prefix_path.sh'
[8.531s] Level 1:colcon.colcon_core.environment:checking '/home/chongzhiw/Gazebo_Repo/ROS2_omnibot/install/omnibot_ignition/lib'
[8.531s] Level 1:colcon.colcon_core.environment:checking '/home/chongzhiw/Gazebo_Repo/ROS2_omnibot/install/omnibot_ignition/bin'
[8.531s] Level 1:colcon.colcon_core.environment:checking '/home/chongzhiw/Gazebo_Repo/ROS2_omnibot/install/omnibot_ignition/lib/pkgconfig/omnibot_ignition.pc'
[8.532s] Level 1:colcon.colcon_core.environment:checking '/home/chongzhiw/Gazebo_Repo/ROS2_omnibot/install/omnibot_ignition/lib/python3.10/site-packages'
[8.532s] Level 1:colcon.colcon_core.environment:checking '/home/chongzhiw/Gazebo_Repo/ROS2_omnibot/install/omnibot_ignition/bin'
[8.533s] INFO:colcon.colcon_core.shell:Creating package script '/home/chongzhiw/Gazebo_Repo/ROS2_omnibot/install/omnibot_ignition/share/omnibot_ignition/package.ps1'
[8.533s] INFO:colcon.colcon_core.shell:Creating package descriptor '/home/chongzhiw/Gazebo_Repo/ROS2_omnibot/install/omnibot_ignition/share/omnibot_ignition/package.dsv'
[8.534s] INFO:colcon.colcon_core.shell:Creating package script '/home/chongzhiw/Gazebo_Repo/ROS2_omnibot/install/omnibot_ignition/share/omnibot_ignition/package.sh'
[8.535s] INFO:colcon.colcon_core.shell:Creating package script '/home/chongzhiw/Gazebo_Repo/ROS2_omnibot/install/omnibot_ignition/share/omnibot_ignition/package.bash'
[8.535s] INFO:colcon.colcon_core.shell:Creating package script '/home/chongzhiw/Gazebo_Repo/ROS2_omnibot/install/omnibot_ignition/share/omnibot_ignition/package.zsh'
[8.536s] Level 1:colcon.colcon_core.environment:create_file_with_runtime_dependencies(/home/chongzhiw/Gazebo_Repo/ROS2_omnibot/install/omnibot_ignition/share/colcon-core/packages/omnibot_ignition)
[8.571s] Level 1:colcon.colcon_core.environment:create_environment_scripts_only(omnibot_ignition)
[8.572s] Level 1:colcon.colcon_core.environment:checking '/home/chongzhiw/Gazebo_Repo/ROS2_omnibot/install/omnibot_ignition' for CMake module files
[8.573s] Level 1:colcon.colcon_core.environment:checking '/home/chongzhiw/Gazebo_Repo/ROS2_omnibot/install/omnibot_ignition' for CMake config files
[8.574s] Level 1:colcon.colcon_core.shell:create_environment_hook('omnibot_ignition', 'cmake_prefix_path')
[8.574s] INFO:colcon.colcon_core.shell:Creating environment hook '/home/chongzhiw/Gazebo_Repo/ROS2_omnibot/install/omnibot_ignition/share/omnibot_ignition/hook/cmake_prefix_path.ps1'
[8.575s] INFO:colcon.colcon_core.shell:Creating environment descriptor '/home/chongzhiw/Gazebo_Repo/ROS2_omnibot/install/omnibot_ignition/share/omnibot_ignition/hook/cmake_prefix_path.dsv'
[8.576s] INFO:colcon.colcon_core.shell:Creating environment hook '/home/chongzhiw/Gazebo_Repo/ROS2_omnibot/install/omnibot_ignition/share/omnibot_ignition/hook/cmake_prefix_path.sh'
[8.578s] Level 1:colcon.colcon_core.environment:checking '/home/chongzhiw/Gazebo_Repo/ROS2_omnibot/install/omnibot_ignition/lib'
[8.578s] Level 1:colcon.colcon_core.environment:checking '/home/chongzhiw/Gazebo_Repo/ROS2_omnibot/install/omnibot_ignition/bin'
[8.578s] Level 1:colcon.colcon_core.environment:checking '/home/chongzhiw/Gazebo_Repo/ROS2_omnibot/install/omnibot_ignition/lib/pkgconfig/omnibot_ignition.pc'
[8.579s] Level 1:colcon.colcon_core.environment:checking '/home/chongzhiw/Gazebo_Repo/ROS2_omnibot/install/omnibot_ignition/lib/python3.10/site-packages'
[8.579s] Level 1:colcon.colcon_core.environment:checking '/home/chongzhiw/Gazebo_Repo/ROS2_omnibot/install/omnibot_ignition/bin'
[8.580s] INFO:colcon.colcon_core.shell:Creating package script '/home/chongzhiw/Gazebo_Repo/ROS2_omnibot/install/omnibot_ignition/share/omnibot_ignition/package.ps1'
[8.581s] INFO:colcon.colcon_core.shell:Creating package descriptor '/home/chongzhiw/Gazebo_Repo/ROS2_omnibot/install/omnibot_ignition/share/omnibot_ignition/package.dsv'
[8.582s] INFO:colcon.colcon_core.shell:Creating package script '/home/chongzhiw/Gazebo_Repo/ROS2_omnibot/install/omnibot_ignition/share/omnibot_ignition/package.sh'
[8.583s] INFO:colcon.colcon_core.shell:Creating package script '/home/chongzhiw/Gazebo_Repo/ROS2_omnibot/install/omnibot_ignition/share/omnibot_ignition/package.bash'
[8.583s] INFO:colcon.colcon_core.shell:Creating package script '/home/chongzhiw/Gazebo_Repo/ROS2_omnibot/install/omnibot_ignition/share/omnibot_ignition/package.zsh'
[8.584s] Level 1:colcon.colcon_core.environment:create_file_with_runtime_dependencies(/home/chongzhiw/Gazebo_Repo/ROS2_omnibot/install/omnibot_ignition/share/colcon-core/packages/omnibot_ignition)
[8.584s] DEBUG:colcon.colcon_parallel_executor.executor.parallel:closing loop
[8.585s] DEBUG:colcon.colcon_parallel_executor.executor.parallel:loop closed
[8.585s] DEBUG:colcon.colcon_parallel_executor.executor.parallel:run_until_complete finished with '0'
[8.585s] DEBUG:colcon.colcon_core.event_reactor:joining thread
[8.589s] INFO:colcon.colcon_core.plugin_system:Skipping extension 'colcon_notification.desktop_notification.terminal_notifier': Not used on non-Darwin systems
[8.589s] INFO:colcon.colcon_core.plugin_system:Skipping extension 'colcon_notification.desktop_notification.win32': Not used on non-Windows systems
[8.589s] INFO:colcon.colcon_notification.desktop_notification:Sending desktop notification using 'notify2'
[8.609s] DEBUG:colcon.colcon_core.event_reactor:joined thread
[8.610s] INFO:colcon.colcon_core.shell:Creating prefix script '/home/chongzhiw/Gazebo_Repo/ROS2_omnibot/install/local_setup.ps1'
[8.611s] INFO:colcon.colcon_core.shell:Creating prefix util module '/home/chongzhiw/Gazebo_Repo/ROS2_omnibot/install/_local_setup_util_ps1.py'
[8.612s] INFO:colcon.colcon_core.shell:Creating prefix chain script '/home/chongzhiw/Gazebo_Repo/ROS2_omnibot/install/setup.ps1'
[8.613s] INFO:colcon.colcon_core.shell:Creating prefix script '/home/chongzhiw/Gazebo_Repo/ROS2_omnibot/install/local_setup.sh'
[8.614s] INFO:colcon.colcon_core.shell:Creating prefix util module '/home/chongzhiw/Gazebo_Repo/ROS2_omnibot/install/_local_setup_util_sh.py'
[8.614s] INFO:colcon.colcon_core.shell:Creating prefix chain script '/home/chongzhiw/Gazebo_Repo/ROS2_omnibot/install/setup.sh'
[8.615s] INFO:colcon.colcon_core.shell:Creating prefix script '/home/chongzhiw/Gazebo_Repo/ROS2_omnibot/install/local_setup.bash'
[8.616s] INFO:colcon.colcon_core.shell:Creating prefix chain script '/home/chongzhiw/Gazebo_Repo/ROS2_omnibot/install/setup.bash'
[8.616s] INFO:colcon.colcon_core.shell:Creating prefix script '/home/chongzhiw/Gazebo_Repo/ROS2_omnibot/install/local_setup.zsh'
[8.617s] INFO:colcon.colcon_core.shell:Creating prefix chain script '/home/chongzhiw/Gazebo_Repo/ROS2_omnibot/install/setup.zsh'
