[0.558s] Invoking command in '/home/chongzhiw/Gazebo_Repo/ROS2_omnibot/src/omnibot_control': PYTHONPATH=/home/chongzhiw/Gazebo_Repo/ROS2_omnibot/build/omnibot_control/prefix_override:/usr/lib/python3/dist-packages/colcon_core/task/python/colcon_distutils_commands:/home/chongzhiw/Gazebo_Repo/ROS2_omnibot/install/omnibot_control/lib/python3.10/site-packages:${PYTHONPATH} /usr/bin/python3 -W ignore:setup.py install is deprecated setup.py egg_info --egg-base ../../build/omnibot_control build --build-base /home/chongzhiw/Gazebo_Repo/ROS2_omnibot/build/omnibot_control/build install --record /home/chongzhiw/Gazebo_Repo/ROS2_omnibot/build/omnibot_control/install.log --single-version-externally-managed install_data
[0.759s] running egg_info
[0.760s] writing ../../build/omnibot_control/omnibot_control.egg-info/PKG-INFO
[0.761s] writing dependency_links to ../../build/omnibot_control/omnibot_control.egg-info/dependency_links.txt
[0.761s] writing entry points to ../../build/omnibot_control/omnibot_control.egg-info/entry_points.txt
[0.762s] writing requirements to ../../build/omnibot_control/omnibot_control.egg-info/requires.txt
[0.762s] writing top-level names to ../../build/omnibot_control/omnibot_control.egg-info/top_level.txt
[0.766s] reading manifest file '../../build/omnibot_control/omnibot_control.egg-info/SOURCES.txt'
[0.767s] adding license file 'LICENSE'
[0.768s] writing manifest file '../../build/omnibot_control/omnibot_control.egg-info/SOURCES.txt'
[0.768s] running build
[0.768s] running build_py
[0.769s] copying omnibot_control/robot_control.py -> /home/chongzhiw/Gazebo_Repo/ROS2_omnibot/build/omnibot_control/build/lib/omnibot_control
[0.770s] running install
[0.770s] running install_lib
[0.771s] copying /home/chongzhiw/Gazebo_Repo/ROS2_omnibot/build/omnibot_control/build/lib/omnibot_control/robot_control.py -> /home/chongzhiw/Gazebo_Repo/ROS2_omnibot/install/omnibot_control/lib/python3.10/site-packages/omnibot_control
[0.772s] byte-compiling /home/chongzhiw/Gazebo_Repo/ROS2_omnibot/install/omnibot_control/lib/python3.10/site-packages/omnibot_control/robot_control.py to robot_control.cpython-310.pyc
[0.773s] running install_data
[0.774s] copying launch/robot_control.launch.py -> /home/chongzhiw/Gazebo_Repo/ROS2_omnibot/install/omnibot_control/share/omnibot_control/launch
[0.774s] running install_egg_info
[0.776s] removing '/home/chongzhiw/Gazebo_Repo/ROS2_omnibot/install/omnibot_control/lib/python3.10/site-packages/omnibot_control-0.0.0-py3.10.egg-info' (and everything under it)
[0.777s] Copying ../../build/omnibot_control/omnibot_control.egg-info to /home/chongzhiw/Gazebo_Repo/ROS2_omnibot/install/omnibot_control/lib/python3.10/site-packages/omnibot_control-0.0.0-py3.10.egg-info
[0.777s] running install_scripts
[0.793s] Installing robot_control script to /home/chongzhiw/Gazebo_Repo/ROS2_omnibot/install/omnibot_control/lib/omnibot_control
[0.793s] writing list of installed files to '/home/chongzhiw/Gazebo_Repo/ROS2_omnibot/build/omnibot_control/install.log'
[0.824s] Invoked command in '/home/chongzhiw/Gazebo_Repo/ROS2_omnibot/src/omnibot_control' returned '0': PYTHONPATH=/home/chongzhiw/Gazebo_Repo/ROS2_omnibot/build/omnibot_control/prefix_override:/usr/lib/python3/dist-packages/colcon_core/task/python/colcon_distutils_commands:/home/chongzhiw/Gazebo_Repo/ROS2_omnibot/install/omnibot_control/lib/python3.10/site-packages:${PYTHONPATH} /usr/bin/python3 -W ignore:setup.py install is deprecated setup.py egg_info --egg-base ../../build/omnibot_control build --build-base /home/chongzhiw/Gazebo_Repo/ROS2_omnibot/build/omnibot_control/build install --record /home/chongzhiw/Gazebo_Repo/ROS2_omnibot/build/omnibot_control/install.log --single-version-externally-managed install_data
