[35m[1mConsolidate compiler generated dependencies of target omni_drive[0m
[ 50%] [32mBuilding CXX object CMakeFiles/omni_drive.dir/src/omni_drive.cpp.o[0m
[100%] [32m[1mLinking CXX executable omni_drive[0m
[100%] Built target omni_drive
-- Install configuration: ""
-- Installing: /home/chongzhiw/Gazebo_Repo/ROS2_omnibot/install/omnibot_ignition/lib/omnibot_ignition/omni_drive
-- Set runtime path of "/home/chongzhiw/Gazebo_Repo/ROS2_omnibot/install/omnibot_ignition/lib/omnibot_ignition/omni_drive" to ""
-- Installing: /home/chongzhiw/Gazebo_Repo/ROS2_omnibot/install/omnibot_ignition/share/omnibot_ignition//launch
-- Installing: /home/chongzhiw/Gazebo_Repo/ROS2_omnibot/install/omnibot_ignition/share/omnibot_ignition//launch/robot_state_publisher.launch.py
-- Installing: /home/chongzhiw/Gazebo_Repo/ROS2_omnibot/install/omnibot_ignition/share/omnibot_ignition//launch/spawn_turtlebot3.launch.py
-- Installing: /home/chongzhiw/Gazebo_Repo/ROS2_omnibot/install/omnibot_ignition/share/omnibot_ignition//launch/old_launch_files
-- Installing: /home/chongzhiw/Gazebo_Repo/ROS2_omnibot/install/omnibot_ignition/share/omnibot_ignition//launch/old_launch_files/turtlebot3_dqn_stage1.launch.py
-- Installing: /home/chongzhiw/Gazebo_Repo/ROS2_omnibot/install/omnibot_ignition/share/omnibot_ignition//launch/old_launch_files/turtlebot3_dqn_stage3.launch.py
-- Installing: /home/chongzhiw/Gazebo_Repo/ROS2_omnibot/install/omnibot_ignition/share/omnibot_ignition//launch/old_launch_files/turtlebot3_dqn_stage2.launch.py
-- Installing: /home/chongzhiw/Gazebo_Repo/ROS2_omnibot/install/omnibot_ignition/share/omnibot_ignition//launch/old_launch_files/turtlebot3_house.launch.py
-- Installing: /home/chongzhiw/Gazebo_Repo/ROS2_omnibot/install/omnibot_ignition/share/omnibot_ignition//launch/old_launch_files/turtlebot3_dqn_stage4.launch.py
-- Installing: /home/chongzhiw/Gazebo_Repo/ROS2_omnibot/install/omnibot_ignition/share/omnibot_ignition//launch/old_launch_files/turtlebot3_world.launch.py
-- Installing: /home/chongzhiw/Gazebo_Repo/ROS2_omnibot/install/omnibot_ignition/share/omnibot_ignition//launch/empty_world.launch.py
-- Installing: /home/chongzhiw/Gazebo_Repo/ROS2_omnibot/install/omnibot_ignition/share/omnibot_ignition//launch/spawn_turtlebot3_backup.launch.py
-- Installing: /home/chongzhiw/Gazebo_Repo/ROS2_omnibot/install/omnibot_ignition/share/omnibot_ignition//params
-- Installing: /home/chongzhiw/Gazebo_Repo/ROS2_omnibot/install/omnibot_ignition/share/omnibot_ignition//params/omni_control_config.yaml
-- Installing: /home/chongzhiw/Gazebo_Repo/ROS2_omnibot/install/omnibot_ignition/share/omnibot_ignition//rviz
-- Installing: /home/chongzhiw/Gazebo_Repo/ROS2_omnibot/install/omnibot_ignition/share/omnibot_ignition//rviz/tb3_gazebo.rviz
-- Installing: /home/chongzhiw/Gazebo_Repo/ROS2_omnibot/install/omnibot_ignition/share/omnibot_ignition//urdf
-- Installing: /home/chongzhiw/Gazebo_Repo/ROS2_omnibot/install/omnibot_ignition/share/omnibot_ignition//urdf/xacro_files
-- Installing: /home/chongzhiw/Gazebo_Repo/ROS2_omnibot/install/omnibot_ignition/share/omnibot_ignition//urdf/xacro_files/roller.xacro
-- Installing: /home/chongzhiw/Gazebo_Repo/ROS2_omnibot/install/omnibot_ignition/share/omnibot_ignition//urdf/xacro_files/rim.xacro
-- Installing: /home/chongzhiw/Gazebo_Repo/ROS2_omnibot/install/omnibot_ignition/share/omnibot_ignition//urdf/xacro_files/omni_bot.xacro
-- Installing: /home/chongzhiw/Gazebo_Repo/ROS2_omnibot/install/omnibot_ignition/share/omnibot_ignition//urdf/omni_bot.urdf
-- Installing: /home/chongzhiw/Gazebo_Repo/ROS2_omnibot/install/omnibot_ignition/share/omnibot_ignition//urdf/omni_base.STL
-- Installing: /home/chongzhiw/Gazebo_Repo/ROS2_omnibot/install/omnibot_ignition/share/omnibot_ignition//urdf/omni_bot.sdf
-- Installing: /home/chongzhiw/Gazebo_Repo/ROS2_omnibot/install/omnibot_ignition/share/omnibot_ignition//worlds
-- Installing: /home/chongzhiw/Gazebo_Repo/ROS2_omnibot/install/omnibot_ignition/share/omnibot_ignition//worlds/turtlebot3_dqn_stage2.world
-- Installing: /home/chongzhiw/Gazebo_Repo/ROS2_omnibot/install/omnibot_ignition/share/omnibot_ignition//worlds/turtlebot3_house.world
-- Installing: /home/chongzhiw/Gazebo_Repo/ROS2_omnibot/install/omnibot_ignition/share/omnibot_ignition//worlds/turtlebot3_dqn_stage1.world
-- Installing: /home/chongzhiw/Gazebo_Repo/ROS2_omnibot/install/omnibot_ignition/share/omnibot_ignition//worlds/turtlebot3_dqn_stage3.world
-- Installing: /home/chongzhiw/Gazebo_Repo/ROS2_omnibot/install/omnibot_ignition/share/omnibot_ignition//worlds/empty_world.world
-- Installing: /home/chongzhiw/Gazebo_Repo/ROS2_omnibot/install/omnibot_ignition/share/omnibot_ignition//worlds/turtlebot3_dqn_stage4.world
-- Installing: /home/chongzhiw/Gazebo_Repo/ROS2_omnibot/install/omnibot_ignition/share/omnibot_ignition//worlds/turtlebot3_world.world
-- Installing: /home/chongzhiw/Gazebo_Repo/ROS2_omnibot/install/omnibot_ignition/include/
-- Installing: /home/chongzhiw/Gazebo_Repo/ROS2_omnibot/install/omnibot_ignition/include//omnibot_ignition
-- Installing: /home/chongzhiw/Gazebo_Repo/ROS2_omnibot/install/omnibot_ignition/include//omnibot_ignition/omni_drive.hpp
-- Installing: /home/chongzhiw/Gazebo_Repo/ROS2_omnibot/install/omnibot_ignition/share/ament_index/resource_index/package_run_dependencies/omnibot_ignition
-- Installing: /home/chongzhiw/Gazebo_Repo/ROS2_omnibot/install/omnibot_ignition/share/ament_index/resource_index/parent_prefix_path/omnibot_ignition
-- Installing: /home/chongzhiw/Gazebo_Repo/ROS2_omnibot/install/omnibot_ignition/share/omnibot_ignition/environment/ament_prefix_path.sh
-- Installing: /home/chongzhiw/Gazebo_Repo/ROS2_omnibot/install/omnibot_ignition/share/omnibot_ignition/environment/ament_prefix_path.dsv
-- Installing: /home/chongzhiw/Gazebo_Repo/ROS2_omnibot/install/omnibot_ignition/share/omnibot_ignition/environment/path.sh
-- Installing: /home/chongzhiw/Gazebo_Repo/ROS2_omnibot/install/omnibot_ignition/share/omnibot_ignition/environment/path.dsv
-- Installing: /home/chongzhiw/Gazebo_Repo/ROS2_omnibot/install/omnibot_ignition/share/omnibot_ignition/local_setup.bash
-- Installing: /home/chongzhiw/Gazebo_Repo/ROS2_omnibot/install/omnibot_ignition/share/omnibot_ignition/local_setup.sh
-- Installing: /home/chongzhiw/Gazebo_Repo/ROS2_omnibot/install/omnibot_ignition/share/omnibot_ignition/local_setup.zsh
-- Installing: /home/chongzhiw/Gazebo_Repo/ROS2_omnibot/install/omnibot_ignition/share/omnibot_ignition/local_setup.dsv
-- Installing: /home/chongzhiw/Gazebo_Repo/ROS2_omnibot/install/omnibot_ignition/share/omnibot_ignition/package.dsv
-- Installing: /home/chongzhiw/Gazebo_Repo/ROS2_omnibot/install/omnibot_ignition/share/ament_index/resource_index/packages/omnibot_ignition
-- Installing: /home/chongzhiw/Gazebo_Repo/ROS2_omnibot/install/omnibot_ignition/share/omnibot_ignition/cmake/ament_cmake_export_include_directories-extras.cmake
-- Installing: /home/chongzhiw/Gazebo_Repo/ROS2_omnibot/install/omnibot_ignition/share/omnibot_ignition/cmake/ament_cmake_export_dependencies-extras.cmake
-- Installing: /home/chongzhiw/Gazebo_Repo/ROS2_omnibot/install/omnibot_ignition/share/omnibot_ignition/cmake/omnibot_ignitionConfig.cmake
-- Installing: /home/chongzhiw/Gazebo_Repo/ROS2_omnibot/install/omnibot_ignition/share/omnibot_ignition/cmake/omnibot_ignitionConfig-version.cmake
-- Installing: /home/chongzhiw/Gazebo_Repo/ROS2_omnibot/install/omnibot_ignition/share/omnibot_ignition/package.xml
