[0.407s] Invoking command in '/home/chongzhiw/Gazebo_Repo/ROS2_omnibot/src/omnibot_control': PYTHONPATH=/home/chongzhiw/Gazebo_Repo/ROS2_omnibot/build/omnibot_control/prefix_override:/usr/lib/python3/dist-packages/colcon_core/task/python/colcon_distutils_commands:/home/chongzhiw/Gazebo_Repo/ROS2_omnibot/install/omnibot_control/lib/python3.10/site-packages:${PYTHONPATH} /usr/bin/python3 -W ignore:setup.py install is deprecated setup.py egg_info --egg-base ../../build/omnibot_control build --build-base /home/chongzhiw/Gazebo_Repo/ROS2_omnibot/build/omnibot_control/build install --record /home/chongzhiw/Gazebo_Repo/ROS2_omnibot/build/omnibot_control/install.log --single-version-externally-managed install_data
[0.563s] running egg_info
[0.564s] writing ../../build/omnibot_control/omnibot_control.egg-info/PKG-INFO
[0.564s] writing dependency_links to ../../build/omnibot_control/omnibot_control.egg-info/dependency_links.txt
[0.564s] writing entry points to ../../build/omnibot_control/omnibot_control.egg-info/entry_points.txt
[0.564s] writing requirements to ../../build/omnibot_control/omnibot_control.egg-info/requires.txt
[0.564s] writing top-level names to ../../build/omnibot_control/omnibot_control.egg-info/top_level.txt
[0.565s] reading manifest file '../../build/omnibot_control/omnibot_control.egg-info/SOURCES.txt'
[0.565s] adding license file 'LICENSE'
[0.565s] writing manifest file '../../build/omnibot_control/omnibot_control.egg-info/SOURCES.txt'
[0.565s] running build
[0.566s] running build_py
[0.566s] running install
[0.566s] running install_lib
[0.567s] running install_data
[0.567s] running install_egg_info
[0.568s] removing '/home/chongzhiw/Gazebo_Repo/ROS2_omnibot/install/omnibot_control/lib/python3.10/site-packages/omnibot_control-0.0.0-py3.10.egg-info' (and everything under it)
[0.568s] Copying ../../build/omnibot_control/omnibot_control.egg-info to /home/chongzhiw/Gazebo_Repo/ROS2_omnibot/install/omnibot_control/lib/python3.10/site-packages/omnibot_control-0.0.0-py3.10.egg-info
[0.568s] running install_scripts
[0.583s] Installing robot_control script to /home/chongzhiw/Gazebo_Repo/ROS2_omnibot/install/omnibot_control/lib/omnibot_control
[0.583s] writing list of installed files to '/home/chongzhiw/Gazebo_Repo/ROS2_omnibot/build/omnibot_control/install.log'
[0.600s] Invoked command in '/home/chongzhiw/Gazebo_Repo/ROS2_omnibot/src/omnibot_control' returned '0': PYTHONPATH=/home/chongzhiw/Gazebo_Repo/ROS2_omnibot/build/omnibot_control/prefix_override:/usr/lib/python3/dist-packages/colcon_core/task/python/colcon_distutils_commands:/home/chongzhiw/Gazebo_Repo/ROS2_omnibot/install/omnibot_control/lib/python3.10/site-packages:${PYTHONPATH} /usr/bin/python3 -W ignore:setup.py install is deprecated setup.py egg_info --egg-base ../../build/omnibot_control build --build-base /home/chongzhiw/Gazebo_Repo/ROS2_omnibot/build/omnibot_control/build install --record /home/chongzhiw/Gazebo_Repo/ROS2_omnibot/build/omnibot_control/install.log --single-version-externally-managed install_data
