[0.088s] DEBUG:colcon:Command line arguments: ['/usr/bin/colcon', 'build']
[0.088s] DEBUG:colcon:Parsed command line arguments: Namespace(log_base=None, log_level=None, verb_name='build', build_base='build', install_base='install', merge_install=False, symlink_install=False, test_result_base=None, continue_on_error=False, executor='parallel', parallel_workers=12, event_handlers=None, ignore_user_meta=False, metas=['./colcon.meta'], base_paths=['.'], packages_ignore=None, packages_ignore_regex=None, paths=None, packages_up_to=None, packages_up_to_regex=None, packages_above=None, packages_above_and_dependencies=None, packages_above_depth=None, packages_select_by_dep=None, packages_skip_by_dep=None, packages_skip_up_to=None, packages_select_build_failed=False, packages_skip_build_finished=False, packages_select_test_failures=False, packages_skip_test_passed=False, packages_select=None, packages_skip=None, packages_select_regex=None, packages_skip_regex=None, packages_start=None, packages_end=None, allow_overriding=[], cmake_args=None, cmake_target=None, cmake_target_skip_unavailable=False, cmake_clean_cache=False, cmake_clean_first=False, cmake_force_configure=False, ament_cmake_args=None, catkin_cmake_args=None, catkin_skip_building_tests=False, mixin_files=None, mixin=None, verb_parser=<colcon_mixin.mixin.mixin_argument.MixinArgumentDecorator object at 0x7689a4d900d0>, verb_extension=<colcon_core.verb.build.BuildVerb object at 0x7689a4d57ac0>, main=<bound method BuildVerb.main of <colcon_core.verb.build.BuildVerb object at 0x7689a4d57ac0>>, mixin_verb=('build',))
[0.208s] Level 1:colcon.colcon_core.package_discovery:discover_packages(colcon_meta) check parameters
[0.208s] Level 1:colcon.colcon_core.package_discovery:discover_packages(recursive) check parameters
[0.209s] Level 1:colcon.colcon_core.package_discovery:discover_packages(ignore) check parameters
[0.209s] Level 1:colcon.colcon_core.package_discovery:discover_packages(path) check parameters
[0.209s] Level 1:colcon.colcon_core.package_discovery:discover_packages(colcon_meta) discover
[0.209s] Level 1:colcon.colcon_core.package_discovery:discover_packages(recursive) discover
[0.209s] INFO:colcon.colcon_core.package_discovery:Crawling recursively for packages in '/home/chongzhiw/Gazebo_Repo/ROS2_omnibot'
[0.209s] Level 1:colcon.colcon_core.package_identification:_identify(.) by extensions ['ignore', 'ignore_ament_install']
[0.209s] Level 1:colcon.colcon_core.package_identification:_identify(.) by extension 'ignore'
[0.209s] Level 1:colcon.colcon_core.package_identification:_identify(.) by extension 'ignore_ament_install'
[0.209s] Level 1:colcon.colcon_core.package_identification:_identify(.) by extensions ['colcon_pkg']
[0.209s] Level 1:colcon.colcon_core.package_identification:_identify(.) by extension 'colcon_pkg'
[0.209s] Level 1:colcon.colcon_core.package_identification:_identify(.) by extensions ['colcon_meta']
[0.209s] Level 1:colcon.colcon_core.package_identification:_identify(.) by extension 'colcon_meta'
[0.209s] Level 1:colcon.colcon_core.package_identification:_identify(.) by extensions ['ros']
[0.209s] Level 1:colcon.colcon_core.package_identification:_identify(.) by extension 'ros'
[0.217s] Level 1:colcon.colcon_core.package_identification:_identify(.) by extensions ['cmake', 'python']
[0.217s] Level 1:colcon.colcon_core.package_identification:_identify(.) by extension 'cmake'
[0.217s] Level 1:colcon.colcon_core.package_identification:_identify(.) by extension 'python'
[0.217s] Level 1:colcon.colcon_core.package_identification:_identify(.) by extensions ['python_setup_py']
[0.217s] Level 1:colcon.colcon_core.package_identification:_identify(.) by extension 'python_setup_py'
[0.217s] Level 1:colcon.colcon_core.package_identification:_identify(build) by extensions ['ignore', 'ignore_ament_install']
[0.217s] Level 1:colcon.colcon_core.package_identification:_identify(build) by extension 'ignore'
[0.217s] Level 1:colcon.colcon_core.package_identification:_identify(build) ignored
[0.217s] Level 1:colcon.colcon_core.package_identification:_identify(install) by extensions ['ignore', 'ignore_ament_install']
[0.217s] Level 1:colcon.colcon_core.package_identification:_identify(install) by extension 'ignore'
[0.217s] Level 1:colcon.colcon_core.package_identification:_identify(install) ignored
[0.217s] Level 1:colcon.colcon_core.package_identification:_identify(log) by extensions ['ignore', 'ignore_ament_install']
[0.217s] Level 1:colcon.colcon_core.package_identification:_identify(log) by extension 'ignore'
[0.217s] Level 1:colcon.colcon_core.package_identification:_identify(log) ignored
[0.218s] Level 1:colcon.colcon_core.package_identification:_identify(src) by extensions ['ignore', 'ignore_ament_install']
[0.218s] Level 1:colcon.colcon_core.package_identification:_identify(src) by extension 'ignore'
[0.218s] Level 1:colcon.colcon_core.package_identification:_identify(src) by extension 'ignore_ament_install'
[0.218s] Level 1:colcon.colcon_core.package_identification:_identify(src) by extensions ['colcon_pkg']
[0.218s] Level 1:colcon.colcon_core.package_identification:_identify(src) by extension 'colcon_pkg'
[0.218s] Level 1:colcon.colcon_core.package_identification:_identify(src) by extensions ['colcon_meta']
[0.218s] Level 1:colcon.colcon_core.package_identification:_identify(src) by extension 'colcon_meta'
[0.218s] Level 1:colcon.colcon_core.package_identification:_identify(src) by extensions ['ros']
[0.218s] Level 1:colcon.colcon_core.package_identification:_identify(src) by extension 'ros'
[0.218s] Level 1:colcon.colcon_core.package_identification:_identify(src) by extensions ['cmake', 'python']
[0.218s] Level 1:colcon.colcon_core.package_identification:_identify(src) by extension 'cmake'
[0.218s] Level 1:colcon.colcon_core.package_identification:_identify(src) by extension 'python'
[0.218s] Level 1:colcon.colcon_core.package_identification:_identify(src) by extensions ['python_setup_py']
[0.218s] Level 1:colcon.colcon_core.package_identification:_identify(src) by extension 'python_setup_py'
[0.218s] Level 1:colcon.colcon_core.package_identification:_identify(src/omnibot_control) by extensions ['ignore', 'ignore_ament_install']
[0.218s] Level 1:colcon.colcon_core.package_identification:_identify(src/omnibot_control) by extension 'ignore'
[0.218s] Level 1:colcon.colcon_core.package_identification:_identify(src/omnibot_control) by extension 'ignore_ament_install'
[0.218s] Level 1:colcon.colcon_core.package_identification:_identify(src/omnibot_control) by extensions ['colcon_pkg']
[0.218s] Level 1:colcon.colcon_core.package_identification:_identify(src/omnibot_control) by extension 'colcon_pkg'
[0.218s] Level 1:colcon.colcon_core.package_identification:_identify(src/omnibot_control) by extensions ['colcon_meta']
[0.218s] Level 1:colcon.colcon_core.package_identification:_identify(src/omnibot_control) by extension 'colcon_meta'
[0.218s] Level 1:colcon.colcon_core.package_identification:_identify(src/omnibot_control) by extensions ['ros']
[0.218s] Level 1:colcon.colcon_core.package_identification:_identify(src/omnibot_control) by extension 'ros'
[0.220s] DEBUG:colcon.colcon_core.package_identification:Package 'src/omnibot_control' with type 'ros.ament_python' and name 'omnibot_control'
[0.220s] Level 1:colcon.colcon_core.package_identification:_identify(src/omnibot_ignition) by extensions ['ignore', 'ignore_ament_install']
[0.220s] Level 1:colcon.colcon_core.package_identification:_identify(src/omnibot_ignition) by extension 'ignore'
[0.220s] Level 1:colcon.colcon_core.package_identification:_identify(src/omnibot_ignition) by extension 'ignore_ament_install'
[0.220s] Level 1:colcon.colcon_core.package_identification:_identify(src/omnibot_ignition) by extensions ['colcon_pkg']
[0.220s] Level 1:colcon.colcon_core.package_identification:_identify(src/omnibot_ignition) by extension 'colcon_pkg'
[0.220s] Level 1:colcon.colcon_core.package_identification:_identify(src/omnibot_ignition) by extensions ['colcon_meta']
[0.220s] Level 1:colcon.colcon_core.package_identification:_identify(src/omnibot_ignition) by extension 'colcon_meta'
[0.220s] Level 1:colcon.colcon_core.package_identification:_identify(src/omnibot_ignition) by extensions ['ros']
[0.220s] Level 1:colcon.colcon_core.package_identification:_identify(src/omnibot_ignition) by extension 'ros'
[0.221s] DEBUG:colcon.colcon_core.package_identification:Package 'src/omnibot_ignition' with type 'ros.ament_cmake' and name 'omnibot_ignition'
[0.221s] Level 1:colcon.colcon_core.package_discovery:discover_packages(recursive) using defaults
[0.221s] Level 1:colcon.colcon_core.package_discovery:discover_packages(ignore) discover
[0.221s] Level 1:colcon.colcon_core.package_discovery:discover_packages(ignore) using defaults
[0.221s] Level 1:colcon.colcon_core.package_discovery:discover_packages(path) discover
[0.221s] Level 1:colcon.colcon_core.package_discovery:discover_packages(path) using defaults
[0.251s] Level 1:colcon.colcon_core.package_discovery:discover_packages(prefix_path) check parameters
[0.252s] Level 1:colcon.colcon_core.package_discovery:discover_packages(prefix_path) discover
[0.253s] DEBUG:colcon.colcon_installed_package_information.package_discovery:Found 2 installed packages in /home/chongzhiw/Gazebo_Repo/ROS2_omnibot/install
[0.254s] DEBUG:colcon.colcon_installed_package_information.package_discovery:Found 309 installed packages in /opt/ros/humble
[0.255s] Level 1:colcon.colcon_core.package_discovery:discover_packages(prefix_path) using defaults
[0.279s] Level 5:colcon.colcon_core.verb:set package 'omnibot_control' build argument 'cmake_args' from command line to 'None'
[0.279s] Level 5:colcon.colcon_core.verb:set package 'omnibot_control' build argument 'cmake_target' from command line to 'None'
[0.279s] Level 5:colcon.colcon_core.verb:set package 'omnibot_control' build argument 'cmake_target_skip_unavailable' from command line to 'False'
[0.279s] Level 5:colcon.colcon_core.verb:set package 'omnibot_control' build argument 'cmake_clean_cache' from command line to 'False'
[0.279s] Level 5:colcon.colcon_core.verb:set package 'omnibot_control' build argument 'cmake_clean_first' from command line to 'False'
[0.279s] Level 5:colcon.colcon_core.verb:set package 'omnibot_control' build argument 'cmake_force_configure' from command line to 'False'
[0.279s] Level 5:colcon.colcon_core.verb:set package 'omnibot_control' build argument 'ament_cmake_args' from command line to 'None'
[0.279s] Level 5:colcon.colcon_core.verb:set package 'omnibot_control' build argument 'catkin_cmake_args' from command line to 'None'
[0.279s] Level 5:colcon.colcon_core.verb:set package 'omnibot_control' build argument 'catkin_skip_building_tests' from command line to 'False'
[0.279s] DEBUG:colcon.colcon_core.verb:Building package 'omnibot_control' with the following arguments: {'ament_cmake_args': None, 'build_base': '/home/chongzhiw/Gazebo_Repo/ROS2_omnibot/build/omnibot_control', 'catkin_cmake_args': None, 'catkin_skip_building_tests': False, 'cmake_args': None, 'cmake_clean_cache': False, 'cmake_clean_first': False, 'cmake_force_configure': False, 'cmake_target': None, 'cmake_target_skip_unavailable': False, 'install_base': '/home/chongzhiw/Gazebo_Repo/ROS2_omnibot/install/omnibot_control', 'merge_install': False, 'path': '/home/chongzhiw/Gazebo_Repo/ROS2_omnibot/src/omnibot_control', 'symlink_install': False, 'test_result_base': None}
[0.279s] Level 5:colcon.colcon_core.verb:set package 'omnibot_ignition' build argument 'cmake_args' from command line to 'None'
[0.280s] Level 5:colcon.colcon_core.verb:set package 'omnibot_ignition' build argument 'cmake_target' from command line to 'None'
[0.280s] Level 5:colcon.colcon_core.verb:set package 'omnibot_ignition' build argument 'cmake_target_skip_unavailable' from command line to 'False'
[0.280s] Level 5:colcon.colcon_core.verb:set package 'omnibot_ignition' build argument 'cmake_clean_cache' from command line to 'False'
[0.280s] Level 5:colcon.colcon_core.verb:set package 'omnibot_ignition' build argument 'cmake_clean_first' from command line to 'False'
[0.280s] Level 5:colcon.colcon_core.verb:set package 'omnibot_ignition' build argument 'cmake_force_configure' from command line to 'False'
[0.280s] Level 5:colcon.colcon_core.verb:set package 'omnibot_ignition' build argument 'ament_cmake_args' from command line to 'None'
[0.280s] Level 5:colcon.colcon_core.verb:set package 'omnibot_ignition' build argument 'catkin_cmake_args' from command line to 'None'
[0.280s] Level 5:colcon.colcon_core.verb:set package 'omnibot_ignition' build argument 'catkin_skip_building_tests' from command line to 'False'
[0.280s] DEBUG:colcon.colcon_core.verb:Building package 'omnibot_ignition' with the following arguments: {'ament_cmake_args': None, 'build_base': '/home/chongzhiw/Gazebo_Repo/ROS2_omnibot/build/omnibot_ignition', 'catkin_cmake_args': None, 'catkin_skip_building_tests': False, 'cmake_args': None, 'cmake_clean_cache': False, 'cmake_clean_first': False, 'cmake_force_configure': False, 'cmake_target': None, 'cmake_target_skip_unavailable': False, 'install_base': '/home/chongzhiw/Gazebo_Repo/ROS2_omnibot/install/omnibot_ignition', 'merge_install': False, 'path': '/home/chongzhiw/Gazebo_Repo/ROS2_omnibot/src/omnibot_ignition', 'symlink_install': False, 'test_result_base': None}
[0.280s] INFO:colcon.colcon_core.executor:Executing jobs using 'parallel' executor
[0.281s] DEBUG:colcon.colcon_parallel_executor.executor.parallel:run_until_complete
[0.281s] INFO:colcon.colcon_ros.task.ament_python.build:Building ROS package in '/home/chongzhiw/Gazebo_Repo/ROS2_omnibot/src/omnibot_control' with build type 'ament_python'
[0.281s] Level 1:colcon.colcon_core.shell:create_environment_hook('omnibot_control', 'ament_prefix_path')
[0.283s] INFO:colcon.colcon_core.plugin_system:Skipping extension 'colcon_core.shell.bat': Not used on non-Windows systems
[0.283s] INFO:colcon.colcon_core.shell:Creating environment hook '/home/chongzhiw/Gazebo_Repo/ROS2_omnibot/install/omnibot_control/share/omnibot_control/hook/ament_prefix_path.ps1'
[0.284s] INFO:colcon.colcon_core.shell:Creating environment descriptor '/home/chongzhiw/Gazebo_Repo/ROS2_omnibot/install/omnibot_control/share/omnibot_control/hook/ament_prefix_path.dsv'
[0.284s] INFO:colcon.colcon_core.shell:Creating environment hook '/home/chongzhiw/Gazebo_Repo/ROS2_omnibot/install/omnibot_control/share/omnibot_control/hook/ament_prefix_path.sh'
[0.285s] INFO:colcon.colcon_core.shell:Skip shell extension 'powershell' for command environment: Not usable outside of PowerShell
[0.285s] DEBUG:colcon.colcon_core.shell:Skip shell extension 'dsv' for command environment
[0.287s] INFO:colcon.colcon_ros.task.ament_cmake.build:Building ROS package in '/home/chongzhiw/Gazebo_Repo/ROS2_omnibot/src/omnibot_ignition' with build type 'ament_cmake'
[0.287s] INFO:colcon.colcon_cmake.task.cmake.build:Building CMake package in '/home/chongzhiw/Gazebo_Repo/ROS2_omnibot/src/omnibot_ignition'
[0.288s] INFO:colcon.colcon_core.shell:Skip shell extension 'powershell' for command environment: Not usable outside of PowerShell
[0.288s] DEBUG:colcon.colcon_core.shell:Skip shell extension 'dsv' for command environment
[0.526s] INFO:colcon.colcon_core.task.python.build:Building Python package in '/home/chongzhiw/Gazebo_Repo/ROS2_omnibot/src/omnibot_control'
[0.526s] INFO:colcon.colcon_core.shell:Skip shell extension 'powershell' for command environment: Not usable outside of PowerShell
[0.526s] DEBUG:colcon.colcon_core.shell:Skip shell extension 'dsv' for command environment
[0.539s] DEBUG:colcon.colcon_core.event_handler.log_command:Invoking command in '/home/chongzhiw/Gazebo_Repo/ROS2_omnibot/build/omnibot_ignition': CMAKE_PREFIX_PATH=${CMAKE_PREFIX_PATH}:/home/chongzhiw/Gazebo_Repo/ROS2_omnibot/install/omnibot_control:/opt/ros/humble /usr/bin/cmake --build /home/chongzhiw/Gazebo_Repo/ROS2_omnibot/build/omnibot_ignition -- -j12 -l12
[0.877s] DEBUG:colcon.colcon_core.event_handler.log_command:Invoking command in '/home/chongzhiw/Gazebo_Repo/ROS2_omnibot/src/omnibot_control': PYTHONPATH=/home/chongzhiw/Gazebo_Repo/ROS2_omnibot/build/omnibot_control/prefix_override:/usr/lib/python3/dist-packages/colcon_core/task/python/colcon_distutils_commands:/home/chongzhiw/Gazebo_Repo/ROS2_omnibot/install/omnibot_control/lib/python3.10/site-packages:${PYTHONPATH} /usr/bin/python3 -W ignore:setup.py install is deprecated setup.py egg_info --egg-base ../../build/omnibot_control build --build-base /home/chongzhiw/Gazebo_Repo/ROS2_omnibot/build/omnibot_control/build install --record /home/chongzhiw/Gazebo_Repo/ROS2_omnibot/build/omnibot_control/install.log --single-version-externally-managed install_data
[1.123s] DEBUG:colcon.colcon_core.event_handler.log_command:Invoked command in '/home/chongzhiw/Gazebo_Repo/ROS2_omnibot/src/omnibot_control' returned '0': PYTHONPATH=/home/chongzhiw/Gazebo_Repo/ROS2_omnibot/build/omnibot_control/prefix_override:/usr/lib/python3/dist-packages/colcon_core/task/python/colcon_distutils_commands:/home/chongzhiw/Gazebo_Repo/ROS2_omnibot/install/omnibot_control/lib/python3.10/site-packages:${PYTHONPATH} /usr/bin/python3 -W ignore:setup.py install is deprecated setup.py egg_info --egg-base ../../build/omnibot_control build --build-base /home/chongzhiw/Gazebo_Repo/ROS2_omnibot/build/omnibot_control/build install --record /home/chongzhiw/Gazebo_Repo/ROS2_omnibot/build/omnibot_control/install.log --single-version-externally-managed install_data
[1.125s] Level 1:colcon.colcon_core.environment:checking '/home/chongzhiw/Gazebo_Repo/ROS2_omnibot/install/omnibot_control' for CMake module files
[1.125s] Level 1:colcon.colcon_core.environment:checking '/home/chongzhiw/Gazebo_Repo/ROS2_omnibot/install/omnibot_control' for CMake config files
[1.125s] Level 1:colcon.colcon_core.environment:checking '/home/chongzhiw/Gazebo_Repo/ROS2_omnibot/install/omnibot_control/lib'
[1.125s] Level 1:colcon.colcon_core.environment:checking '/home/chongzhiw/Gazebo_Repo/ROS2_omnibot/install/omnibot_control/bin'
[1.125s] Level 1:colcon.colcon_core.environment:checking '/home/chongzhiw/Gazebo_Repo/ROS2_omnibot/install/omnibot_control/lib/pkgconfig/omnibot_control.pc'
[1.126s] Level 1:colcon.colcon_core.environment:checking '/home/chongzhiw/Gazebo_Repo/ROS2_omnibot/install/omnibot_control/lib/python3.10/site-packages'
[1.126s] Level 1:colcon.colcon_core.shell:create_environment_hook('omnibot_control', 'pythonpath')
[1.126s] INFO:colcon.colcon_core.shell:Creating environment hook '/home/chongzhiw/Gazebo_Repo/ROS2_omnibot/install/omnibot_control/share/omnibot_control/hook/pythonpath.ps1'
[1.126s] INFO:colcon.colcon_core.shell:Creating environment descriptor '/home/chongzhiw/Gazebo_Repo/ROS2_omnibot/install/omnibot_control/share/omnibot_control/hook/pythonpath.dsv'
[1.126s] INFO:colcon.colcon_core.shell:Creating environment hook '/home/chongzhiw/Gazebo_Repo/ROS2_omnibot/install/omnibot_control/share/omnibot_control/hook/pythonpath.sh'
[1.127s] Level 1:colcon.colcon_core.environment:checking '/home/chongzhiw/Gazebo_Repo/ROS2_omnibot/install/omnibot_control/bin'
[1.127s] Level 1:colcon.colcon_core.environment:create_environment_scripts_only(omnibot_control)
[1.127s] INFO:colcon.colcon_core.shell:Creating package script '/home/chongzhiw/Gazebo_Repo/ROS2_omnibot/install/omnibot_control/share/omnibot_control/package.ps1'
[1.127s] INFO:colcon.colcon_core.shell:Creating package descriptor '/home/chongzhiw/Gazebo_Repo/ROS2_omnibot/install/omnibot_control/share/omnibot_control/package.dsv'
[1.128s] INFO:colcon.colcon_core.shell:Creating package script '/home/chongzhiw/Gazebo_Repo/ROS2_omnibot/install/omnibot_control/share/omnibot_control/package.sh'
[1.128s] INFO:colcon.colcon_core.shell:Creating package script '/home/chongzhiw/Gazebo_Repo/ROS2_omnibot/install/omnibot_control/share/omnibot_control/package.bash'
[1.129s] INFO:colcon.colcon_core.shell:Creating package script '/home/chongzhiw/Gazebo_Repo/ROS2_omnibot/install/omnibot_control/share/omnibot_control/package.zsh'
[1.129s] Level 1:colcon.colcon_core.environment:create_file_with_runtime_dependencies(/home/chongzhiw/Gazebo_Repo/ROS2_omnibot/install/omnibot_control/share/colcon-core/packages/omnibot_control)
[12.242s] DEBUG:colcon.colcon_core.event_handler.log_command:Invoked command in '/home/chongzhiw/Gazebo_Repo/ROS2_omnibot/build/omnibot_ignition' returned '0': CMAKE_PREFIX_PATH=${CMAKE_PREFIX_PATH}:/home/chongzhiw/Gazebo_Repo/ROS2_omnibot/install/omnibot_control:/opt/ros/humble /usr/bin/cmake --build /home/chongzhiw/Gazebo_Repo/ROS2_omnibot/build/omnibot_ignition -- -j12 -l12
[12.329s] DEBUG:colcon.colcon_core.event_handler.log_command:Invoking command in '/home/chongzhiw/Gazebo_Repo/ROS2_omnibot/build/omnibot_ignition': CMAKE_PREFIX_PATH=${CMAKE_PREFIX_PATH}:/home/chongzhiw/Gazebo_Repo/ROS2_omnibot/install/omnibot_control:/opt/ros/humble /usr/bin/cmake --install /home/chongzhiw/Gazebo_Repo/ROS2_omnibot/build/omnibot_ignition
[12.376s] Level 1:colcon.colcon_core.environment:create_environment_scripts_only(omnibot_ignition)
[12.378s] Level 1:colcon.colcon_core.environment:checking '/home/chongzhiw/Gazebo_Repo/ROS2_omnibot/install/omnibot_ignition' for CMake module files
[12.384s] Level 1:colcon.colcon_core.environment:checking '/home/chongzhiw/Gazebo_Repo/ROS2_omnibot/install/omnibot_ignition' for CMake config files
[12.387s] DEBUG:colcon.colcon_core.event_handler.log_command:Invoked command in '/home/chongzhiw/Gazebo_Repo/ROS2_omnibot/build/omnibot_ignition' returned '0': CMAKE_PREFIX_PATH=${CMAKE_PREFIX_PATH}:/home/chongzhiw/Gazebo_Repo/ROS2_omnibot/install/omnibot_control:/opt/ros/humble /usr/bin/cmake --install /home/chongzhiw/Gazebo_Repo/ROS2_omnibot/build/omnibot_ignition
[12.388s] Level 1:colcon.colcon_core.shell:create_environment_hook('omnibot_ignition', 'cmake_prefix_path')
[12.389s] INFO:colcon.colcon_core.shell:Creating environment hook '/home/chongzhiw/Gazebo_Repo/ROS2_omnibot/install/omnibot_ignition/share/omnibot_ignition/hook/cmake_prefix_path.ps1'
[12.390s] INFO:colcon.colcon_core.shell:Creating environment descriptor '/home/chongzhiw/Gazebo_Repo/ROS2_omnibot/install/omnibot_ignition/share/omnibot_ignition/hook/cmake_prefix_path.dsv'
[12.391s] INFO:colcon.colcon_core.shell:Creating environment hook '/home/chongzhiw/Gazebo_Repo/ROS2_omnibot/install/omnibot_ignition/share/omnibot_ignition/hook/cmake_prefix_path.sh'
[12.392s] Level 1:colcon.colcon_core.environment:checking '/home/chongzhiw/Gazebo_Repo/ROS2_omnibot/install/omnibot_ignition/lib'
[12.392s] Level 1:colcon.colcon_core.environment:checking '/home/chongzhiw/Gazebo_Repo/ROS2_omnibot/install/omnibot_ignition/bin'
[12.392s] Level 1:colcon.colcon_core.environment:checking '/home/chongzhiw/Gazebo_Repo/ROS2_omnibot/install/omnibot_ignition/lib/pkgconfig/omnibot_ignition.pc'
[12.393s] Level 1:colcon.colcon_core.environment:checking '/home/chongzhiw/Gazebo_Repo/ROS2_omnibot/install/omnibot_ignition/lib/python3.10/site-packages'
[12.393s] Level 1:colcon.colcon_core.environment:checking '/home/chongzhiw/Gazebo_Repo/ROS2_omnibot/install/omnibot_ignition/bin'
[12.394s] INFO:colcon.colcon_core.shell:Creating package script '/home/chongzhiw/Gazebo_Repo/ROS2_omnibot/install/omnibot_ignition/share/omnibot_ignition/package.ps1'
[12.396s] INFO:colcon.colcon_core.shell:Creating package descriptor '/home/chongzhiw/Gazebo_Repo/ROS2_omnibot/install/omnibot_ignition/share/omnibot_ignition/package.dsv'
[12.398s] INFO:colcon.colcon_core.shell:Creating package script '/home/chongzhiw/Gazebo_Repo/ROS2_omnibot/install/omnibot_ignition/share/omnibot_ignition/package.sh'
[12.399s] INFO:colcon.colcon_core.shell:Creating package script '/home/chongzhiw/Gazebo_Repo/ROS2_omnibot/install/omnibot_ignition/share/omnibot_ignition/package.bash'
[12.400s] INFO:colcon.colcon_core.shell:Creating package script '/home/chongzhiw/Gazebo_Repo/ROS2_omnibot/install/omnibot_ignition/share/omnibot_ignition/package.zsh'
[12.402s] Level 1:colcon.colcon_core.environment:create_file_with_runtime_dependencies(/home/chongzhiw/Gazebo_Repo/ROS2_omnibot/install/omnibot_ignition/share/colcon-core/packages/omnibot_ignition)
[12.482s] Level 1:colcon.colcon_core.environment:create_environment_scripts_only(omnibot_ignition)
[12.483s] Level 1:colcon.colcon_core.environment:checking '/home/chongzhiw/Gazebo_Repo/ROS2_omnibot/install/omnibot_ignition' for CMake module files
[12.485s] Level 1:colcon.colcon_core.environment:checking '/home/chongzhiw/Gazebo_Repo/ROS2_omnibot/install/omnibot_ignition' for CMake config files
[12.487s] Level 1:colcon.colcon_core.shell:create_environment_hook('omnibot_ignition', 'cmake_prefix_path')
[12.488s] INFO:colcon.colcon_core.shell:Creating environment hook '/home/chongzhiw/Gazebo_Repo/ROS2_omnibot/install/omnibot_ignition/share/omnibot_ignition/hook/cmake_prefix_path.ps1'
[12.489s] INFO:colcon.colcon_core.shell:Creating environment descriptor '/home/chongzhiw/Gazebo_Repo/ROS2_omnibot/install/omnibot_ignition/share/omnibot_ignition/hook/cmake_prefix_path.dsv'
[12.491s] INFO:colcon.colcon_core.shell:Creating environment hook '/home/chongzhiw/Gazebo_Repo/ROS2_omnibot/install/omnibot_ignition/share/omnibot_ignition/hook/cmake_prefix_path.sh'
[12.492s] Level 1:colcon.colcon_core.environment:checking '/home/chongzhiw/Gazebo_Repo/ROS2_omnibot/install/omnibot_ignition/lib'
[12.493s] Level 1:colcon.colcon_core.environment:checking '/home/chongzhiw/Gazebo_Repo/ROS2_omnibot/install/omnibot_ignition/bin'
[12.493s] Level 1:colcon.colcon_core.environment:checking '/home/chongzhiw/Gazebo_Repo/ROS2_omnibot/install/omnibot_ignition/lib/pkgconfig/omnibot_ignition.pc'
[12.494s] Level 1:colcon.colcon_core.environment:checking '/home/chongzhiw/Gazebo_Repo/ROS2_omnibot/install/omnibot_ignition/lib/python3.10/site-packages'
[12.494s] Level 1:colcon.colcon_core.environment:checking '/home/chongzhiw/Gazebo_Repo/ROS2_omnibot/install/omnibot_ignition/bin'
[12.495s] INFO:colcon.colcon_core.shell:Creating package script '/home/chongzhiw/Gazebo_Repo/ROS2_omnibot/install/omnibot_ignition/share/omnibot_ignition/package.ps1'
[12.497s] INFO:colcon.colcon_core.shell:Creating package descriptor '/home/chongzhiw/Gazebo_Repo/ROS2_omnibot/install/omnibot_ignition/share/omnibot_ignition/package.dsv'
[12.498s] INFO:colcon.colcon_core.shell:Creating package script '/home/chongzhiw/Gazebo_Repo/ROS2_omnibot/install/omnibot_ignition/share/omnibot_ignition/package.sh'
[12.498s] INFO:colcon.colcon_core.shell:Creating package script '/home/chongzhiw/Gazebo_Repo/ROS2_omnibot/install/omnibot_ignition/share/omnibot_ignition/package.bash'
[12.499s] INFO:colcon.colcon_core.shell:Creating package script '/home/chongzhiw/Gazebo_Repo/ROS2_omnibot/install/omnibot_ignition/share/omnibot_ignition/package.zsh'
[12.499s] Level 1:colcon.colcon_core.environment:create_file_with_runtime_dependencies(/home/chongzhiw/Gazebo_Repo/ROS2_omnibot/install/omnibot_ignition/share/colcon-core/packages/omnibot_ignition)
[12.500s] DEBUG:colcon.colcon_parallel_executor.executor.parallel:closing loop
[12.500s] DEBUG:colcon.colcon_parallel_executor.executor.parallel:loop closed
[12.501s] DEBUG:colcon.colcon_parallel_executor.executor.parallel:run_until_complete finished with '0'
[12.501s] DEBUG:colcon.colcon_core.event_reactor:joining thread
[12.512s] INFO:colcon.colcon_core.plugin_system:Skipping extension 'colcon_notification.desktop_notification.terminal_notifier': Not used on non-Darwin systems
[12.512s] INFO:colcon.colcon_core.plugin_system:Skipping extension 'colcon_notification.desktop_notification.win32': Not used on non-Windows systems
[12.512s] INFO:colcon.colcon_notification.desktop_notification:Sending desktop notification using 'notify2'
[12.532s] DEBUG:colcon.colcon_core.event_reactor:joined thread
[12.532s] INFO:colcon.colcon_core.shell:Creating prefix script '/home/chongzhiw/Gazebo_Repo/ROS2_omnibot/install/local_setup.ps1'
[12.533s] INFO:colcon.colcon_core.shell:Creating prefix util module '/home/chongzhiw/Gazebo_Repo/ROS2_omnibot/install/_local_setup_util_ps1.py'
[12.535s] INFO:colcon.colcon_core.shell:Creating prefix chain script '/home/chongzhiw/Gazebo_Repo/ROS2_omnibot/install/setup.ps1'
[12.536s] INFO:colcon.colcon_core.shell:Creating prefix script '/home/chongzhiw/Gazebo_Repo/ROS2_omnibot/install/local_setup.sh'
[12.537s] INFO:colcon.colcon_core.shell:Creating prefix util module '/home/chongzhiw/Gazebo_Repo/ROS2_omnibot/install/_local_setup_util_sh.py'
[12.537s] INFO:colcon.colcon_core.shell:Creating prefix chain script '/home/chongzhiw/Gazebo_Repo/ROS2_omnibot/install/setup.sh'
[12.538s] INFO:colcon.colcon_core.shell:Creating prefix script '/home/chongzhiw/Gazebo_Repo/ROS2_omnibot/install/local_setup.bash'
[12.538s] INFO:colcon.colcon_core.shell:Creating prefix chain script '/home/chongzhiw/Gazebo_Repo/ROS2_omnibot/install/setup.bash'
[12.539s] INFO:colcon.colcon_core.shell:Creating prefix script '/home/chongzhiw/Gazebo_Repo/ROS2_omnibot/install/local_setup.zsh'
[12.539s] INFO:colcon.colcon_core.shell:Creating prefix chain script '/home/chongzhiw/Gazebo_Repo/ROS2_omnibot/install/setup.zsh'
