running egg_info
creating ../../build/omnibot_control/omnibot_control.egg-info
writing ../../build/omnibot_control/omnibot_control.egg-info/PKG-INFO
writing dependency_links to ../../build/omnibot_control/omnibot_control.egg-info/dependency_links.txt
writing entry points to ../../build/omnibot_control/omnibot_control.egg-info/entry_points.txt
writing requirements to ../../build/omnibot_control/omnibot_control.egg-info/requires.txt
writing top-level names to ../../build/omnibot_control/omnibot_control.egg-info/top_level.txt
writing manifest file '../../build/omnibot_control/omnibot_control.egg-info/SOURCES.txt'
reading manifest file '../../build/omnibot_control/omnibot_control.egg-info/SOURCES.txt'
adding license file 'LICENSE'
writing manifest file '../../build/omnibot_control/omnibot_control.egg-info/SOURCES.txt'
running build
running build_py
creating /home/chongzhiw/Gazebo_Repo/ROS2_omnibot/build/omnibot_control/build
creating /home/chongzhiw/Gazebo_Repo/ROS2_omnibot/build/omnibot_control/build/lib
creating /home/chongzhiw/Gazebo_Repo/ROS2_omnibot/build/omnibot_control/build/lib/omnibot_control
copying omnibot_control/robot_control.py -> /home/chongzhiw/Gazebo_Repo/ROS2_omnibot/build/omnibot_control/build/lib/omnibot_control
copying omnibot_control/__init__.py -> /home/chongzhiw/Gazebo_Repo/ROS2_omnibot/build/omnibot_control/build/lib/omnibot_control
running install
running install_lib
creating /home/chongzhiw/Gazebo_Repo/ROS2_omnibot/install/omnibot_control/lib/python3.10/site-packages/omnibot_control
copying /home/chongzhiw/Gazebo_Repo/ROS2_omnibot/build/omnibot_control/build/lib/omnibot_control/robot_control.py -> /home/chongzhiw/Gazebo_Repo/ROS2_omnibot/install/omnibot_control/lib/python3.10/site-packages/omnibot_control
copying /home/chongzhiw/Gazebo_Repo/ROS2_omnibot/build/omnibot_control/build/lib/omnibot_control/__init__.py -> /home/chongzhiw/Gazebo_Repo/ROS2_omnibot/install/omnibot_control/lib/python3.10/site-packages/omnibot_control
byte-compiling /home/chongzhiw/Gazebo_Repo/ROS2_omnibot/install/omnibot_control/lib/python3.10/site-packages/omnibot_control/robot_control.py to robot_control.cpython-310.pyc
byte-compiling /home/chongzhiw/Gazebo_Repo/ROS2_omnibot/install/omnibot_control/lib/python3.10/site-packages/omnibot_control/__init__.py to __init__.cpython-310.pyc
running install_data
creating /home/chongzhiw/Gazebo_Repo/ROS2_omnibot/install/omnibot_control/share/ament_index
creating /home/chongzhiw/Gazebo_Repo/ROS2_omnibot/install/omnibot_control/share/ament_index/resource_index
creating /home/chongzhiw/Gazebo_Repo/ROS2_omnibot/install/omnibot_control/share/ament_index/resource_index/packages
copying resource/omnibot_control -> /home/chongzhiw/Gazebo_Repo/ROS2_omnibot/install/omnibot_control/share/ament_index/resource_index/packages
copying package.xml -> /home/chongzhiw/Gazebo_Repo/ROS2_omnibot/install/omnibot_control/share/omnibot_control
creating /home/chongzhiw/Gazebo_Repo/ROS2_omnibot/install/omnibot_control/share/omnibot_control/launch
copying launch/robot_control.launch.py -> /home/chongzhiw/Gazebo_Repo/ROS2_omnibot/install/omnibot_control/share/omnibot_control/launch
running install_egg_info
Copying ../../build/omnibot_control/omnibot_control.egg-info to /home/chongzhiw/Gazebo_Repo/ROS2_omnibot/install/omnibot_control/lib/python3.10/site-packages/omnibot_control-0.0.0-py3.10.egg-info
running install_scripts
Installing robot_control script to /home/chongzhiw/Gazebo_Repo/ROS2_omnibot/install/omnibot_control/lib/omnibot_control
writing list of installed files to '/home/chongzhiw/Gazebo_Repo/ROS2_omnibot/build/omnibot_control/install.log'
