[0.253s] Invoking command in '/home/chongzhiw/Gazebo_Repo/ROS2_omnibot/build/omnibot_ignition': CMAKE_PREFIX_PATH=${CMAKE_PREFIX_PATH}:/home/chongzhiw/Gazebo_Repo/ROS2_omnibot/install/omnibot_control:/opt/ros/humble /usr/bin/cmake --build /home/chongzhiw/Gazebo_Repo/ROS2_omnibot/build/omnibot_ignition -- -j12 -l12
[0.333s] [ 50%] [32mBuilding CXX object CMakeFiles/omni_drive.dir/src/omni_drive.cpp.o[0m
[10.206s] [100%] [32m[1mLinking CXX executable omni_drive[0m
[10.639s] [100%] Built target omni_drive
[10.653s] Invoked command in '/home/chongzhiw/Gazebo_Repo/ROS2_omnibot/build/omnibot_ignition' returned '0': CMAKE_PREFIX_PATH=${CMAKE_PREFIX_PATH}:/home/chongzhiw/Gazebo_Repo/ROS2_omnibot/install/omnibot_control:/opt/ros/humble /usr/bin/cmake --build /home/chongzhiw/Gazebo_Repo/ROS2_omnibot/build/omnibot_ignition -- -j12 -l12
[10.702s] Invoking command in '/home/chongzhiw/Gazebo_Repo/ROS2_omnibot/build/omnibot_ignition': CMAKE_PREFIX_PATH=${CMAKE_PREFIX_PATH}:/home/chongzhiw/Gazebo_Repo/ROS2_omnibot/install/omnibot_control:/opt/ros/humble /usr/bin/cmake --install /home/chongzhiw/Gazebo_Repo/ROS2_omnibot/build/omnibot_ignition
[10.711s] -- Install configuration: ""
[10.711s] -- Installing: /home/chongzhiw/Gazebo_Repo/ROS2_omnibot/install/omnibot_ignition/lib/omnibot_ignition/omni_drive
[10.717s] -- Set runtime path of "/home/chongzhiw/Gazebo_Repo/ROS2_omnibot/install/omnibot_ignition/lib/omnibot_ignition/omni_drive" to ""
[10.717s] -- Up-to-date: /home/chongzhiw/Gazebo_Repo/ROS2_omnibot/install/omnibot_ignition/share/omnibot_ignition//launch
[10.717s] -- Up-to-date: /home/chongzhiw/Gazebo_Repo/ROS2_omnibot/install/omnibot_ignition/share/omnibot_ignition//launch/robot_state_publisher.launch.py
[10.717s] -- Up-to-date: /home/chongzhiw/Gazebo_Repo/ROS2_omnibot/install/omnibot_ignition/share/omnibot_ignition//launch/spawn_turtlebot3.launch.py
[10.717s] -- Up-to-date: /home/chongzhiw/Gazebo_Repo/ROS2_omnibot/install/omnibot_ignition/share/omnibot_ignition//launch/old_launch_files
[10.717s] -- Up-to-date: /home/chongzhiw/Gazebo_Repo/ROS2_omnibot/install/omnibot_ignition/share/omnibot_ignition//launch/old_launch_files/turtlebot3_dqn_stage1.launch.py
[10.718s] -- Up-to-date: /home/chongzhiw/Gazebo_Repo/ROS2_omnibot/install/omnibot_ignition/share/omnibot_ignition//launch/old_launch_files/turtlebot3_dqn_stage3.launch.py
[10.718s] -- Up-to-date: /home/chongzhiw/Gazebo_Repo/ROS2_omnibot/install/omnibot_ignition/share/omnibot_ignition//launch/old_launch_files/turtlebot3_dqn_stage2.launch.py
[10.718s] -- Up-to-date: /home/chongzhiw/Gazebo_Repo/ROS2_omnibot/install/omnibot_ignition/share/omnibot_ignition//launch/old_launch_files/turtlebot3_house.launch.py
[10.718s] -- Up-to-date: /home/chongzhiw/Gazebo_Repo/ROS2_omnibot/install/omnibot_ignition/share/omnibot_ignition//launch/old_launch_files/turtlebot3_dqn_stage4.launch.py
[10.718s] -- Up-to-date: /home/chongzhiw/Gazebo_Repo/ROS2_omnibot/install/omnibot_ignition/share/omnibot_ignition//launch/old_launch_files/turtlebot3_world.launch.py
[10.718s] -- Up-to-date: /home/chongzhiw/Gazebo_Repo/ROS2_omnibot/install/omnibot_ignition/share/omnibot_ignition//launch/empty_world.launch.py
[10.718s] -- Up-to-date: /home/chongzhiw/Gazebo_Repo/ROS2_omnibot/install/omnibot_ignition/share/omnibot_ignition//launch/spawn_turtlebot3_backup.launch.py
[10.718s] -- Up-to-date: /home/chongzhiw/Gazebo_Repo/ROS2_omnibot/install/omnibot_ignition/share/omnibot_ignition//params
[10.718s] -- Up-to-date: /home/chongzhiw/Gazebo_Repo/ROS2_omnibot/install/omnibot_ignition/share/omnibot_ignition//params/omni_sub_config.yaml
[10.718s] -- Up-to-date: /home/chongzhiw/Gazebo_Repo/ROS2_omnibot/install/omnibot_ignition/share/omnibot_ignition//params/omni_control_config.yaml
[10.718s] -- Up-to-date: /home/chongzhiw/Gazebo_Repo/ROS2_omnibot/install/omnibot_ignition/share/omnibot_ignition//rviz
[10.718s] -- Up-to-date: /home/chongzhiw/Gazebo_Repo/ROS2_omnibot/install/omnibot_ignition/share/omnibot_ignition//rviz/tb3_gazebo.rviz
[10.718s] -- Up-to-date: /home/chongzhiw/Gazebo_Repo/ROS2_omnibot/install/omnibot_ignition/share/omnibot_ignition//urdf
[10.718s] -- Up-to-date: /home/chongzhiw/Gazebo_Repo/ROS2_omnibot/install/omnibot_ignition/share/omnibot_ignition//urdf/xacro_files
[10.718s] -- Up-to-date: /home/chongzhiw/Gazebo_Repo/ROS2_omnibot/install/omnibot_ignition/share/omnibot_ignition//urdf/xacro_files/roller.xacro
[10.718s] -- Up-to-date: /home/chongzhiw/Gazebo_Repo/ROS2_omnibot/install/omnibot_ignition/share/omnibot_ignition//urdf/xacro_files/rim.xacro
[10.719s] -- Up-to-date: /home/chongzhiw/Gazebo_Repo/ROS2_omnibot/install/omnibot_ignition/share/omnibot_ignition//urdf/xacro_files/omni_bot.xacro
[10.719s] -- Up-to-date: /home/chongzhiw/Gazebo_Repo/ROS2_omnibot/install/omnibot_ignition/share/omnibot_ignition//urdf/omni_bot.urdf
[10.719s] -- Up-to-date: /home/chongzhiw/Gazebo_Repo/ROS2_omnibot/install/omnibot_ignition/share/omnibot_ignition//urdf/omni_base.STL
[10.719s] -- Up-to-date: /home/chongzhiw/Gazebo_Repo/ROS2_omnibot/install/omnibot_ignition/share/omnibot_ignition//urdf/omni_bot.sdf
[10.719s] -- Up-to-date: /home/chongzhiw/Gazebo_Repo/ROS2_omnibot/install/omnibot_ignition/share/omnibot_ignition//worlds
[10.719s] -- Up-to-date: /home/chongzhiw/Gazebo_Repo/ROS2_omnibot/install/omnibot_ignition/share/omnibot_ignition//worlds/turtlebot3_dqn_stage2.world
[10.719s] -- Up-to-date: /home/chongzhiw/Gazebo_Repo/ROS2_omnibot/install/omnibot_ignition/share/omnibot_ignition//worlds/turtlebot3_house.world
[10.719s] -- Up-to-date: /home/chongzhiw/Gazebo_Repo/ROS2_omnibot/install/omnibot_ignition/share/omnibot_ignition//worlds/turtlebot3_dqn_stage1.world
[10.719s] -- Up-to-date: /home/chongzhiw/Gazebo_Repo/ROS2_omnibot/install/omnibot_ignition/share/omnibot_ignition//worlds/turtlebot3_dqn_stage3.world
[10.719s] -- Up-to-date: /home/chongzhiw/Gazebo_Repo/ROS2_omnibot/install/omnibot_ignition/share/omnibot_ignition//worlds/empty_world.world
[10.719s] -- Up-to-date: /home/chongzhiw/Gazebo_Repo/ROS2_omnibot/install/omnibot_ignition/share/omnibot_ignition//worlds/turtlebot3_dqn_stage4.world
[10.719s] -- Up-to-date: /home/chongzhiw/Gazebo_Repo/ROS2_omnibot/install/omnibot_ignition/share/omnibot_ignition//worlds/turtlebot3_world.world
[10.719s] -- Up-to-date: /home/chongzhiw/Gazebo_Repo/ROS2_omnibot/install/omnibot_ignition/include/
[10.719s] -- Up-to-date: /home/chongzhiw/Gazebo_Repo/ROS2_omnibot/install/omnibot_ignition/include//omnibot_ignition
[10.719s] -- Up-to-date: /home/chongzhiw/Gazebo_Repo/ROS2_omnibot/install/omnibot_ignition/include//omnibot_ignition/omni_drive.hpp
[10.719s] -- Up-to-date: /home/chongzhiw/Gazebo_Repo/ROS2_omnibot/install/omnibot_ignition/share/ament_index/resource_index/package_run_dependencies/omnibot_ignition
[10.719s] -- Up-to-date: /home/chongzhiw/Gazebo_Repo/ROS2_omnibot/install/omnibot_ignition/share/ament_index/resource_index/parent_prefix_path/omnibot_ignition
[10.720s] -- Up-to-date: /home/chongzhiw/Gazebo_Repo/ROS2_omnibot/install/omnibot_ignition/share/omnibot_ignition/environment/ament_prefix_path.sh
[10.720s] -- Up-to-date: /home/chongzhiw/Gazebo_Repo/ROS2_omnibot/install/omnibot_ignition/share/omnibot_ignition/environment/ament_prefix_path.dsv
[10.720s] -- Up-to-date: /home/chongzhiw/Gazebo_Repo/ROS2_omnibot/install/omnibot_ignition/share/omnibot_ignition/environment/path.sh
[10.720s] -- Up-to-date: /home/chongzhiw/Gazebo_Repo/ROS2_omnibot/install/omnibot_ignition/share/omnibot_ignition/environment/path.dsv
[10.720s] -- Up-to-date: /home/chongzhiw/Gazebo_Repo/ROS2_omnibot/install/omnibot_ignition/share/omnibot_ignition/local_setup.bash
[10.720s] -- Up-to-date: /home/chongzhiw/Gazebo_Repo/ROS2_omnibot/install/omnibot_ignition/share/omnibot_ignition/local_setup.sh
[10.720s] -- Up-to-date: /home/chongzhiw/Gazebo_Repo/ROS2_omnibot/install/omnibot_ignition/share/omnibot_ignition/local_setup.zsh
[10.720s] -- Up-to-date: /home/chongzhiw/Gazebo_Repo/ROS2_omnibot/install/omnibot_ignition/share/omnibot_ignition/local_setup.dsv
[10.720s] -- Installing: /home/chongzhiw/Gazebo_Repo/ROS2_omnibot/install/omnibot_ignition/share/omnibot_ignition/package.dsv
[10.720s] -- Up-to-date: /home/chongzhiw/Gazebo_Repo/ROS2_omnibot/install/omnibot_ignition/share/ament_index/resource_index/packages/omnibot_ignition
[10.720s] -- Up-to-date: /home/chongzhiw/Gazebo_Repo/ROS2_omnibot/install/omnibot_ignition/share/omnibot_ignition/cmake/ament_cmake_export_include_directories-extras.cmake
[10.720s] -- Up-to-date: /home/chongzhiw/Gazebo_Repo/ROS2_omnibot/install/omnibot_ignition/share/omnibot_ignition/cmake/ament_cmake_export_dependencies-extras.cmake
[10.720s] -- Up-to-date: /home/chongzhiw/Gazebo_Repo/ROS2_omnibot/install/omnibot_ignition/share/omnibot_ignition/cmake/omnibot_ignitionConfig.cmake
[10.720s] -- Up-to-date: /home/chongzhiw/Gazebo_Repo/ROS2_omnibot/install/omnibot_ignition/share/omnibot_ignition/cmake/omnibot_ignitionConfig-version.cmake
[10.720s] -- Up-to-date: /home/chongzhiw/Gazebo_Repo/ROS2_omnibot/install/omnibot_ignition/share/omnibot_ignition/package.xml
[10.722s] Invoked command in '/home/chongzhiw/Gazebo_Repo/ROS2_omnibot/build/omnibot_ignition' returned '0': CMAKE_PREFIX_PATH=${CMAKE_PREFIX_PATH}:/home/chongzhiw/Gazebo_Repo/ROS2_omnibot/install/omnibot_control:/opt/ros/humble /usr/bin/cmake --install /home/chongzhiw/Gazebo_Repo/ROS2_omnibot/build/omnibot_ignition
