[0.459s] Invoking command in '/home/chongzhiw/Gazebo_Repo/ROS2_omnibot/src/omnibot_control': PYTHONPATH=/home/chongzhiw/Gazebo_Repo/ROS2_omnibot/build/omnibot_control/prefix_override:/usr/lib/python3/dist-packages/colcon_core/task/python/colcon_distutils_commands:/home/chongzhiw/Gazebo_Repo/ROS2_omnibot/install/omnibot_control/lib/python3.10/site-packages:${PYTHONPATH} /usr/bin/python3 -W ignore:setup.py install is deprecated setup.py egg_info --egg-base ../../build/omnibot_control build --build-base /home/chongzhiw/Gazebo_Repo/ROS2_omnibot/build/omnibot_control/build install --record /home/chongzhiw/Gazebo_Repo/ROS2_omnibot/build/omnibot_control/install.log --single-version-externally-managed install_data
[0.625s] running egg_info
[0.626s] writing ../../build/omnibot_control/omnibot_control.egg-info/PKG-INFO
[0.626s] writing dependency_links to ../../build/omnibot_control/omnibot_control.egg-info/dependency_links.txt
[0.626s] writing entry points to ../../build/omnibot_control/omnibot_control.egg-info/entry_points.txt
[0.626s] writing requirements to ../../build/omnibot_control/omnibot_control.egg-info/requires.txt
[0.626s] writing top-level names to ../../build/omnibot_control/omnibot_control.egg-info/top_level.txt
[0.627s] reading manifest file '../../build/omnibot_control/omnibot_control.egg-info/SOURCES.txt'
[0.627s] adding license file 'LICENSE'
[0.627s] writing manifest file '../../build/omnibot_control/omnibot_control.egg-info/SOURCES.txt'
[0.627s] running build
[0.628s] running build_py
[0.628s] copying omnibot_control/robot_control.py -> /home/chongzhiw/Gazebo_Repo/ROS2_omnibot/build/omnibot_control/build/lib/omnibot_control
[0.628s] running install
[0.628s] running install_lib
[0.628s] copying /home/chongzhiw/Gazebo_Repo/ROS2_omnibot/build/omnibot_control/build/lib/omnibot_control/robot_control.py -> /home/chongzhiw/Gazebo_Repo/ROS2_omnibot/install/omnibot_control/lib/python3.10/site-packages/omnibot_control
[0.629s] byte-compiling /home/chongzhiw/Gazebo_Repo/ROS2_omnibot/install/omnibot_control/lib/python3.10/site-packages/omnibot_control/robot_control.py to robot_control.cpython-310.pyc
[0.629s] running install_data
[0.629s] running install_egg_info
[0.630s] removing '/home/chongzhiw/Gazebo_Repo/ROS2_omnibot/install/omnibot_control/lib/python3.10/site-packages/omnibot_control-0.0.0-py3.10.egg-info' (and everything under it)
[0.631s] Copying ../../build/omnibot_control/omnibot_control.egg-info to /home/chongzhiw/Gazebo_Repo/ROS2_omnibot/install/omnibot_control/lib/python3.10/site-packages/omnibot_control-0.0.0-py3.10.egg-info
[0.631s] running install_scripts
[0.645s] Installing robot_control script to /home/chongzhiw/Gazebo_Repo/ROS2_omnibot/install/omnibot_control/lib/omnibot_control
[0.646s] writing list of installed files to '/home/chongzhiw/Gazebo_Repo/ROS2_omnibot/build/omnibot_control/install.log'
[0.662s] Invoked command in '/home/chongzhiw/Gazebo_Repo/ROS2_omnibot/src/omnibot_control' returned '0': PYTHONPATH=/home/chongzhiw/Gazebo_Repo/ROS2_omnibot/build/omnibot_control/prefix_override:/usr/lib/python3/dist-packages/colcon_core/task/python/colcon_distutils_commands:/home/chongzhiw/Gazebo_Repo/ROS2_omnibot/install/omnibot_control/lib/python3.10/site-packages:${PYTHONPATH} /usr/bin/python3 -W ignore:setup.py install is deprecated setup.py egg_info --egg-base ../../build/omnibot_control build --build-base /home/chongzhiw/Gazebo_Repo/ROS2_omnibot/build/omnibot_control/build install --record /home/chongzhiw/Gazebo_Repo/ROS2_omnibot/build/omnibot_control/install.log --single-version-externally-managed install_data
